WARNING:tensorflow:From nmt/utils/iterator_utils.py:235: group_by_window (from tensorflow.contrib.data.python.ops.grouping) is deprecated and will be removed in a future version.
Instructions for updating:
Use `tf.data.experimental.group_by_window(...)`.
WARNING:tensorflow:From nmt/model_helper.py:402: __init__ (from tensorflow.python.ops.rnn_cell_impl) is deprecated and will be removed in a future version.
Instructions for updating:
This class is deprecated, please use tf.nn.rnn_cell.LSTMCell, which supports all the feature this cell currently has. Please replace the existing code with tf.nn.rnn_cell.LSTMCell(name='basic_lstm_cell').
2019-11-30 12:29:24.154518: I tensorflow/core/kernels/lookup_util.cc:376] Table trying to initialize from file tmp/iwslt15/vocab.en is already initialized.
2019-11-30 12:29:24.154564: I tensorflow/core/kernels/lookup_util.cc:376] Table trying to initialize from file tmp/iwslt15/vocab.vi is already initialized.
2019-11-30 12:29:24.154535: I tensorflow/core/kernels/lookup_util.cc:376] Table trying to initialize from file tmp/iwslt15/vocab.en is already initialized.
2019-11-30 12:40:31.545846: I tensorflow/core/kernels/lookup_util.cc:376] Table trying to initialize from file tmp/iwslt15/vocab.en is already initialized.
2019-11-30 12:40:31.545990: I tensorflow/core/kernels/lookup_util.cc:376] Table trying to initialize from file tmp/iwslt15/vocab.en is already initialized.
2019-11-30 12:40:31.546038: I tensorflow/core/kernels/lookup_util.cc:376] Table trying to initialize from file tmp/iwslt15/vocab.vi is already initialized.
2019-11-30 12:40:31.688305: I tensorflow/core/kernels/lookup_util.cc:376] Table trying to initialize from file tmp/iwslt15/vocab.en is already initialized.
2019-11-30 12:40:31.688359: I tensorflow/core/kernels/lookup_util.cc:376] Table trying to initialize from file tmp/iwslt15/vocab.vi is already initialized.
2019-11-30 12:40:31.688306: I tensorflow/core/kernels/lookup_util.cc:376] Table trying to initialize from file tmp/iwslt15/vocab.en is already initialized.
2019-11-30 12:51:11.602604: I tensorflow/core/kernels/lookup_util.cc:376] Table trying to initialize from file tmp/iwslt15/vocab.vi is already initialized.
2019-11-30 12:51:11.602632: I tensorflow/core/kernels/lookup_util.cc:376] Table trying to initialize from file tmp/iwslt15/vocab.en is already initialized.
2019-11-30 12:51:11.602689: I tensorflow/core/kernels/lookup_util.cc:376] Table trying to initialize from file tmp/iwslt15/vocab.en is already initialized.
2019-11-30 12:51:11.768386: I tensorflow/core/kernels/lookup_util.cc:376] Table trying to initialize from file tmp/iwslt15/vocab.vi is already initialized.
2019-11-30 12:51:11.768388: I tensorflow/core/kernels/lookup_util.cc:376] Table trying to initialize from file tmp/iwslt15/vocab.en is already initialized.
2019-11-30 12:51:11.768394: I tensorflow/core/kernels/lookup_util.cc:376] Table trying to initialize from file tmp/iwslt15/vocab.en is already initialized.
2019-11-30 12:52:17.236374: I tensorflow/core/kernels/lookup_util.cc:376] Table trying to initialize from file tmp/iwslt15/vocab.vi is already initialized.
2019-11-30 12:52:17.236395: I tensorflow/core/kernels/lookup_util.cc:376] Table trying to initialize from file tmp/iwslt15/vocab.en is already initialized.
2019-11-30 12:52:17.236395: I tensorflow/core/kernels/lookup_util.cc:376] Table trying to initialize from file tmp/iwslt15/vocab.en is already initialized.
2019-11-30 12:52:17.491895: I tensorflow/core/kernels/lookup_util.cc:376] Table trying to initialize from file tmp/iwslt15/vocab.en is already initialized.
2019-11-30 12:52:17.491995: I tensorflow/core/kernels/lookup_util.cc:376] Table trying to initialize from file tmp/iwslt15/vocab.vi is already initialized.
2019-11-30 12:52:17.492009: I tensorflow/core/kernels/lookup_util.cc:376] Table trying to initialize from file tmp/iwslt15/vocab.en is already initialized.
2019-11-30 13:02:48.889378: I tensorflow/core/kernels/lookup_util.cc:376] Table trying to initialize from file tmp/iwslt15/vocab.en is already initialized.
2019-11-30 13:02:48.889379: I tensorflow/core/kernels/lookup_util.cc:376] Table trying to initialize from file tmp/iwslt15/vocab.vi is already initialized.
2019-11-30 13:02:48.889379: I tensorflow/core/kernels/lookup_util.cc:376] Table trying to initialize from file tmp/iwslt15/vocab.en is already initialized.
2019-11-30 13:02:49.150029: I tensorflow/core/kernels/lookup_util.cc:376] Table trying to initialize from file tmp/iwslt15/vocab.vi is already initialized.
2019-11-30 13:02:49.150039: I tensorflow/core/kernels/lookup_util.cc:376] Table trying to initialize from file tmp/iwslt15/vocab.en is already initialized.
2019-11-30 13:02:49.150040: I tensorflow/core/kernels/lookup_util.cc:376] Table trying to initialize from file tmp/iwslt15/vocab.en is already initialized.
2019-11-30 13:13:27.059529: I tensorflow/core/kernels/lookup_util.cc:376] Table trying to initialize from file tmp/iwslt15/vocab.vi is already initialized.
2019-11-30 13:13:27.059552: I tensorflow/core/kernels/lookup_util.cc:376] Table trying to initialize from file tmp/iwslt15/vocab.en is already initialized.
2019-11-30 13:13:27.059559: I tensorflow/core/kernels/lookup_util.cc:376] Table trying to initialize from file tmp/iwslt15/vocab.en is already initialized.
2019-11-30 13:13:27.198224: I tensorflow/core/kernels/lookup_util.cc:376] Table trying to initialize from file tmp/iwslt15/vocab.vi is already initialized.
2019-11-30 13:13:27.198252: I tensorflow/core/kernels/lookup_util.cc:376] Table trying to initialize from file tmp/iwslt15/vocab.en is already initialized.
2019-11-30 13:13:27.198255: I tensorflow/core/kernels/lookup_util.cc:376] Table trying to initialize from file tmp/iwslt15/vocab.en is already initialized.
2019-11-30 13:13:42.303223: I tensorflow/core/kernels/lookup_util.cc:376] Table trying to initialize from file tmp/iwslt15/vocab.vi is already initialized.
2019-11-30 13:13:42.303251: I tensorflow/core/kernels/lookup_util.cc:376] Table trying to initialize from file tmp/iwslt15/vocab.en is already initialized.
2019-11-30 13:13:42.303319: I tensorflow/core/kernels/lookup_util.cc:376] Table trying to initialize from file tmp/iwslt15/vocab.en is already initialized.
2019-11-30 13:13:42.552613: I tensorflow/core/kernels/lookup_util.cc:376] Table trying to initialize from file tmp/iwslt15/vocab.en is already initialized.
2019-11-30 13:13:42.552685: I tensorflow/core/kernels/lookup_util.cc:376] Table trying to initialize from file tmp/iwslt15/vocab.vi is already initialized.
2019-11-30 13:13:42.552629: I tensorflow/core/kernels/lookup_util.cc:376] Table trying to initialize from file tmp/iwslt15/vocab.en is already initialized.
2019-11-30 13:13:56.617645: I tensorflow/core/kernels/lookup_util.cc:376] Table trying to initialize from file tmp/iwslt15/vocab.en is already initialized.
2019-11-30 13:13:56.617645: I tensorflow/core/kernels/lookup_util.cc:376] Table trying to initialize from file tmp/iwslt15/vocab.vi is already initialized.
2019-11-30 13:13:56.617645: I tensorflow/core/kernels/lookup_util.cc:376] Table trying to initialize from file tmp/iwslt15/vocab.en is already initialized.
2019-11-30 13:14:45.007289: I tensorflow/core/kernels/lookup_util.cc:376] Table trying to initialize from file tmp/iwslt15/vocab.en is already initialized.
2019-11-30 13:14:45.007289: I tensorflow/core/kernels/lookup_util.cc:376] Table trying to initialize from file tmp/iwslt15/vocab.en is already initialized.
2019-11-30 13:14:45.007451: I tensorflow/core/kernels/lookup_util.cc:376] Table trying to initialize from file tmp/iwslt15/vocab.vi is already initialized.
2019-11-30 13:14:45.169625: I tensorflow/core/kernels/lookup_util.cc:376] Table trying to initialize from file tmp/iwslt15/vocab.vi is already initialized.
2019-11-30 13:14:45.169666: I tensorflow/core/kernels/lookup_util.cc:376] Table trying to initialize from file tmp/iwslt15/vocab.en is already initialized.
2019-11-30 13:14:45.169669: I tensorflow/core/kernels/lookup_util.cc:376] Table trying to initialize from file tmp/iwslt15/vocab.en is already initialized.
2019-11-30 13:14:59.455565: I tensorflow/core/kernels/lookup_util.cc:376] Table trying to initialize from file tmp/iwslt15/vocab.en is already initialized.
2019-11-30 13:14:59.455565: I tensorflow/core/kernels/lookup_util.cc:376] Table trying to initialize from file tmp/iwslt15/vocab.en is already initialized.
2019-11-30 13:14:59.455644: I tensorflow/core/kernels/lookup_util.cc:376] Table trying to initialize from file tmp/iwslt15/vocab.vi is already initialized.
rget_bias=1  DeviceWrapper, device=/gpu:0
  cell 0  LSTM, forget_bias=1  DeviceWrapper, device=/gpu:0
  cell 1  LSTM, forget_bias=1  DeviceWrapper, device=/gpu:0
  cell 2  LSTM, forget_bias=1  DeviceWrapper, device=/gpu:0
  cell 3  LSTM, forget_bias=1  DeviceWrapper, device=/gpu:0
  decoder: infer_mode=greedybeam_width=0, length_penalty=0.000000, coverage_penalty=0.000000
# Trainable variables
Format: <name>, <shape>, <(soft) device placement>
  embeddings/encoder/embedding_encoder:0, (7709, 256), /device:GPU:0
  embeddings/decoder/embedding_decoder:0, (17191, 256), /device:GPU:0
  dynamic_seq2seq/encoder/rnn/multi_rnn_cell/cell_0/basic_lstm_cell/kernel:0, (512, 1024), /device:GPU:0
  dynamic_seq2seq/encoder/rnn/multi_rnn_cell/cell_0/basic_lstm_cell/bias:0, (1024,), /device:GPU:0
  dynamic_seq2seq/encoder/rnn/multi_rnn_cell/cell_1/basic_lstm_cell/kernel:0, (512, 1024), /device:GPU:0
  dynamic_seq2seq/encoder/rnn/multi_rnn_cell/cell_1/basic_lstm_cell/bias:0, (1024,), /device:GPU:0
  dynamic_seq2seq/encoder/rnn/multi_rnn_cell/cell_2/basic_lstm_cell/kernel:0, (512, 1024), /device:GPU:0
  dynamic_seq2seq/encoder/rnn/multi_rnn_cell/cell_2/basic_lstm_cell/bias:0, (1024,), /device:GPU:0
  dynamic_seq2seq/encoder/rnn/multi_rnn_cell/cell_3/basic_lstm_cell/kernel:0, (512, 1024), /device:GPU:0
  dynamic_seq2seq/encoder/rnn/multi_rnn_cell/cell_3/basic_lstm_cell/bias:0, (1024,), /device:GPU:0
  dynamic_seq2seq/decoder/memory_layer/kernel:0, (256, 256), 
  dynamic_seq2seq/decoder/attention/multi_rnn_cell/cell_0/basic_lstm_cell/kernel:0, (768, 1024), /device:GPU:0
  dynamic_seq2seq/decoder/attention/multi_rnn_cell/cell_0/basic_lstm_cell/bias:0, (1024,), /device:GPU:0
  dynamic_seq2seq/decoder/attention/multi_rnn_cell/cell_1/basic_lstm_cell/kernel:0, (512, 1024), /device:GPU:0
  dynamic_seq2seq/decoder/attention/multi_rnn_cell/cell_1/basic_lstm_cell/bias:0, (1024,), /device:GPU:0
  dynamic_seq2seq/decoder/attention/multi_rnn_cell/cell_2/basic_lstm_cell/kernel:0, (512, 1024), /device:GPU:0
  dynamic_seq2seq/decoder/attention/multi_rnn_cell/cell_2/basic_lstm_cell/bias:0, (1024,), /device:GPU:0
  dynamic_seq2seq/decoder/attention/multi_rnn_cell/cell_3/basic_lstm_cell/kernel:0, (512, 1024), /device:GPU:0
  dynamic_seq2seq/decoder/attention/multi_rnn_cell/cell_3/basic_lstm_cell/bias:0, (1024,), /device:GPU:0
  dynamic_seq2seq/decoder/attention/luong_attention/attention_g:0, (), /device:GPU:0
  dynamic_seq2seq/decoder/attention/attention_layer/kernel:0, (512, 256), /device:GPU:0
  dynamic_seq2seq/decoder/output_projection/kernel:0, (256, 17191), 
# log_file=tmp/nmt_attention_model_VI_s20000_l4_u256/log_1575127747
  loaded train model parameters from tmp/nmt_attention_model_VI_s20000_l4_u256/translate.ckpt-16000, time 0.32s
  loaded infer model parameters from tmp/nmt_attention_model_VI_s20000_l4_u256/translate.ckpt-16000, time 0.17s
  # 855
    src: Hôm nay chúng ta sẽ dành một ít thời gian để nói về việc làm thế nào các video trở nên được ưa thích trong một thời gian ngắn và tiếp theo là lí do tại sao điều này lại đáng nói đến .
    ref: So we &apos;re going to talk a little bit today about how videos go viral and then why that even matters .
    nmt: Today we &apos;re going to spend a little bit of time to talk about how to do what these movies are in a small period and then why this is happening .
  loaded eval model parameters from tmp/nmt_attention_model_VI_s20000_l4_u256/translate.ckpt-16000, time 0.17s
  eval dev: perplexity 20.38, time 7s, Sat Nov 30 12:29:17 2019.
  eval test: perplexity 19.68, time 6s, Sat Nov 30 12:29:24 2019.
  loaded infer model parameters from tmp/nmt_attention_model_VI_s20000_l4_u256/translate.ckpt-16000, time 0.11s
# External evaluation, global step 16000
  decoding to output tmp/nmt_attention_model_VI_s20000_l4_u256/output_dev
  done, num sentences 1553, num translations per input 1, time 22s, Sat Nov 30 12:29:46 2019.
  bleu dev: 11.8
  saving hparams to tmp/nmt_attention_model_VI_s20000_l4_u256/hparams
# External evaluation, global step 16000
  decoding to output tmp/nmt_attention_model_VI_s20000_l4_u256/output_test
  done, num sentences 1268, num translations per input 1, time 18s, Sat Nov 30 12:30:05 2019.
  bleu test: 12.9
  saving hparams to tmp/nmt_attention_model_VI_s20000_l4_u256/hparams
# Start step 16000, lr 1, Sat Nov 30 12:30:05 2019
# Init train iterator, skipping 0 elements
  step 16100 lr 1 step-time 0.68s wps 4.17K ppl 20.57 gN 5.61 bleu 11.78, Sat Nov 30 12:31:13 2019
  step 16200 lr 1 step-time 0.63s wps 4.56K ppl 20.69 gN 5.80 bleu 11.78, Sat Nov 30 12:32:15 2019
  step 16300 lr 1 step-time 0.61s wps 4.49K ppl 20.40 gN 5.69 bleu 11.78, Sat Nov 30 12:33:17 2019
  step 16400 lr 1 step-time 0.62s wps 4.51K ppl 20.23 gN 5.72 bleu 11.78, Sat Nov 30 12:34:18 2019
  step 16500 lr 1 step-time 0.63s wps 4.53K ppl 20.64 gN 5.81 bleu 11.78, Sat Nov 30 12:35:21 2019
  step 16600 lr 1 step-time 0.61s wps 4.51K ppl 20.01 gN 5.64 bleu 11.78, Sat Nov 30 12:36:22 2019
  step 16700 lr 1 step-time 0.62s wps 4.51K ppl 20.00 gN 5.63 bleu 11.78, Sat Nov 30 12:37:24 2019
  step 16800 lr 1 step-time 0.62s wps 4.51K ppl 19.78 gN 5.62 bleu 11.78, Sat Nov 30 12:38:26 2019
  step 16900 lr 1 step-time 0.63s wps 4.52K ppl 19.98 gN 5.80 bleu 11.78, Sat Nov 30 12:39:29 2019
  step 17000 lr 1 step-time 0.62s wps 4.50K ppl 20.16 gN 5.65 bleu 11.78, Sat Nov 30 12:40:30 2019
# Save eval, global step 17000
  loaded infer model parameters from tmp/nmt_attention_model_VI_s20000_l4_u256/translate.ckpt-17000, time 0.12s
  # 691
    src: Và thế là tôi cố hoàn hảo .
    ref: And so I did .
    nmt: And so I was so lucky .
  loaded eval model parameters from tmp/nmt_attention_model_VI_s20000_l4_u256/translate.ckpt-17000, time 0.09s
  eval dev: perplexity 18.25, time 7s, Sat Nov 30 12:40:39 2019.
  eval test: perplexity 17.54, time 6s, Sat Nov 30 12:40:45 2019.
  step 17100 lr 1 step-time 0.62s wps 4.53K ppl 20.30 gN 5.64 bleu 11.78, Sat Nov 30 12:41:48 2019
  step 17200 lr 1 step-time 0.63s wps 4.52K ppl 20.68 gN 5.70 bleu 11.78, Sat Nov 30 12:42:51 2019
  step 17300 lr 1 step-time 0.63s wps 4.53K ppl 20.67 gN 5.73 bleu 11.78, Sat Nov 30 12:43:53 2019
  step 17400 lr 1 step-time 0.63s wps 4.51K ppl 19.83 gN 5.68 bleu 11.78, Sat Nov 30 12:44:56 2019
  step 17500 lr 1 step-time 0.61s wps 4.50K ppl 19.59 gN 5.61 bleu 11.78, Sat Nov 30 12:45:57 2019
  step 17600 lr 1 step-time 0.63s wps 4.52K ppl 20.35 gN 5.76 bleu 11.78, Sat Nov 30 12:47:00 2019
  step 17700 lr 1 step-time 0.62s wps 4.53K ppl 19.99 gN 5.66 bleu 11.78, Sat Nov 30 12:48:02 2019
  step 17800 lr 1 step-time 0.63s wps 4.52K ppl 19.47 gN 5.71 bleu 11.78, Sat Nov 30 12:49:05 2019
  step 17900 lr 1 step-time 0.62s wps 4.51K ppl 19.58 gN 5.73 bleu 11.78, Sat Nov 30 12:50:08 2019
  step 18000 lr 1 step-time 0.63s wps 4.52K ppl 19.53 gN 5.66 bleu 11.78, Sat Nov 30 12:51:10 2019
# Save eval, global step 18000
  loaded infer model parameters from tmp/nmt_attention_model_VI_s20000_l4_u256/translate.ckpt-18000, time 0.13s
  # 415
    src: về sự dịch chuyển của đường mốc giới
    ref: And this is about shifting baseline .
    nmt: So , the way the world is about the planet .
  loaded eval model parameters from tmp/nmt_attention_model_VI_s20000_l4_u256/translate.ckpt-18000, time 0.10s
  eval dev: perplexity 17.23, time 7s, Sat Nov 30 12:51:18 2019.
  eval test: perplexity 16.05, time 6s, Sat Nov 30 12:51:25 2019.
# Finished an epoch, step 18085. Perform external evaluation
  loaded infer model parameters from tmp/nmt_attention_model_VI_s20000_l4_u256/translate.ckpt-18000, time 0.09s
  # 1329
    src: Vì vậy mỗi buổi sáng tôi đứng cân trên chiếc cân wifi và trước khi tôi bước lên xe , mọi người đã bắt đầu nói với tôi rằng &quot; Tôi nghĩ trưa nay anh nên ăn ít thôi Lucien à . &quot;
    ref: So every morning I hop on my WiFi scale and before I &apos;m in my car , people start talking to me , &quot; I think you need a light lunch today , Lucien . &quot;
    nmt: So every morning I stood on the <unk> , and before I went on , people were starting to say to me , &quot; I think I can eat less <unk> . &quot;
  loaded infer model parameters from tmp/nmt_attention_model_VI_s20000_l4_u256/translate.ckpt-18000, time 0.09s
# External evaluation, global step 18000
  decoding to output tmp/nmt_attention_model_VI_s20000_l4_u256/output_dev
  done, num sentences 1553, num translations per input 1, time 29s, Sat Nov 30 12:52:47 2019.
  bleu dev: 11.9
  saving hparams to tmp/nmt_attention_model_VI_s20000_l4_u256/hparams
# External evaluation, global step 18000
  decoding to output tmp/nmt_attention_model_VI_s20000_l4_u256/output_test
  done, num sentences 1268, num translations per input 1, time 27s, Sat Nov 30 12:53:14 2019.
  bleu test: 12.7
  saving hparams to tmp/nmt_attention_model_VI_s20000_l4_u256/hparams
  step 18100 lr 1 step-time 0.64s wps 4.16K ppl 18.85 gN 6.12 bleu 11.89, Sat Nov 30 12:53:27 2019
  step 18200 lr 1 step-time 0.62s wps 4.56K ppl 16.97 gN 5.80 bleu 11.89, Sat Nov 30 12:54:29 2019
  step 18300 lr 1 step-time 0.62s wps 4.50K ppl 16.86 gN 5.63 bleu 11.89, Sat Nov 30 12:55:31 2019
  step 18400 lr 1 step-time 0.63s wps 4.56K ppl 16.67 gN 5.78 bleu 11.89, Sat Nov 30 12:56:33 2019
  step 18500 lr 1 step-time 0.62s wps 4.53K ppl 16.44 gN 5.85 bleu 11.89, Sat Nov 30 12:57:36 2019
  step 18600 lr 1 step-time 0.62s wps 4.51K ppl 16.62 gN 5.75 bleu 11.89, Sat Nov 30 12:58:38 2019
  step 18700 lr 1 step-time 0.63s wps 4.52K ppl 16.72 gN 5.74 bleu 11.89, Sat Nov 30 12:59:41 2019
  step 18800 lr 1 step-time 0.62s wps 4.51K ppl 16.39 gN 5.73 bleu 11.89, Sat Nov 30 13:00:43 2019
  step 18900 lr 1 step-time 0.63s wps 4.51K ppl 16.77 gN 5.76 bleu 11.89, Sat Nov 30 13:01:46 2019
  step 19000 lr 1 step-time 0.62s wps 4.53K ppl 16.56 gN 5.68 bleu 11.89, Sat Nov 30 13:02:48 2019
# Save eval, global step 19000
  loaded infer model parameters from tmp/nmt_attention_model_VI_s20000_l4_u256/translate.ckpt-19000, time 0.13s
  # 855
    src: Hôm nay chúng ta sẽ dành một ít thời gian để nói về việc làm thế nào các video trở nên được ưa thích trong một thời gian ngắn và tiếp theo là lí do tại sao điều này lại đáng nói đến .
    ref: So we &apos;re going to talk a little bit today about how videos go viral and then why that even matters .
    nmt: Today we &apos;re going to spend a little time to talk about how video video gets used in a short time and then , why this is why this is really said .
  loaded eval model parameters from tmp/nmt_attention_model_VI_s20000_l4_u256/translate.ckpt-19000, time 0.10s
  eval dev: perplexity 17.57, time 7s, Sat Nov 30 13:02:56 2019.
  eval test: perplexity 16.47, time 6s, Sat Nov 30 13:03:03 2019.
  step 19100 lr 1 step-time 0.63s wps 4.51K ppl 17.16 gN 5.82 bleu 11.89, Sat Nov 30 13:04:05 2019
  step 19200 lr 1 step-time 0.62s wps 4.51K ppl 17.09 gN 5.69 bleu 11.89, Sat Nov 30 13:05:08 2019
  step 19300 lr 1 step-time 0.63s wps 4.52K ppl 16.89 gN 5.79 bleu 11.89, Sat Nov 30 13:06:11 2019
  step 19400 lr 1 step-time 0.61s wps 4.51K ppl 17.23 gN 5.72 bleu 11.89, Sat Nov 30 13:07:12 2019
  step 19500 lr 1 step-time 0.63s wps 4.55K ppl 17.08 gN 5.87 bleu 11.89, Sat Nov 30 13:08:15 2019
  step 19600 lr 1 step-time 0.62s wps 4.46K ppl 16.78 gN 5.63 bleu 11.89, Sat Nov 30 13:09:17 2019
  step 19700 lr 1 step-time 0.63s wps 4.50K ppl 16.87 gN 5.76 bleu 11.89, Sat Nov 30 13:10:20 2019
  step 19800 lr 1 step-time 0.62s wps 4.50K ppl 17.38 gN 5.73 bleu 11.89, Sat Nov 30 13:11:22 2019
  step 19900 lr 1 step-time 0.62s wps 4.48K ppl 16.43 gN 5.75 bleu 11.89, Sat Nov 30 13:12:24 2019
  step 20000 lr 1 step-time 0.62s wps 4.51K ppl 16.24 gN 5.67 bleu 11.89, Sat Nov 30 13:13:26 2019
# Save eval, global step 20000
  loaded infer model parameters from tmp/nmt_attention_model_VI_s20000_l4_u256/translate.ckpt-20000, time 0.13s
  # 897
    src: Nó chỉ như thế này .
    ref: It &apos;s this , just like this .
    nmt: It &apos;s just like this .
  loaded eval model parameters from tmp/nmt_attention_model_VI_s20000_l4_u256/translate.ckpt-20000, time 0.10s
  eval dev: perplexity 15.62, time 7s, Sat Nov 30 13:13:34 2019.
  eval test: perplexity 14.39, time 6s, Sat Nov 30 13:13:41 2019.
  loaded infer model parameters from tmp/nmt_attention_model_VI_s20000_l4_u256/translate.ckpt-20000, time 0.13s
  # 1119
    src: Mọi người đã xem ví dụ nhỏ của Ty về tiến hoá khi ông ấy đã thúc đẩy tiến hoá trên chương trình Nếp Xoắn ngay trước mắt mọi người .
    ref: And you saw Ty &apos;s little evolutionary example where he sort of did a little bit of evolution on the Convolution program right before your eyes .
    nmt: Everybody has seen a little bit of <unk> , when he had tried to evolve on <unk> <unk> , and he was <unk> on <unk> <unk> .
  loaded eval model parameters from tmp/nmt_attention_model_VI_s20000_l4_u256/translate.ckpt-20000, time 0.10s
  eval dev: perplexity 15.62, time 7s, Sat Nov 30 13:13:49 2019.
  eval test: perplexity 14.39, time 6s, Sat Nov 30 13:13:56 2019.
  loaded infer model parameters from tmp/nmt_attention_model_VI_s20000_l4_u256/translate.ckpt-20000, time 0.09s
# External evaluation, global step 20000
  decoding to output tmp/nmt_attention_model_VI_s20000_l4_u256/output_dev
  done, num sentences 1553, num translations per input 1, time 24s, Sat Nov 30 13:14:20 2019.
  bleu dev: 13.5
  saving hparams to tmp/nmt_attention_model_VI_s20000_l4_u256/hparams
# External evaluation, global step 20000
  decoding to output tmp/nmt_attention_model_VI_s20000_l4_u256/output_test
  done, num sentences 1268, num translations per input 1, time 22s, Sat Nov 30 13:14:44 2019.
  bleu test: 15.2
  saving hparams to tmp/nmt_attention_model_VI_s20000_l4_u256/hparams
# Final, step 20000 lr 1 step-time 0.62s wps 4.51K ppl 16.24 gN 5.67 dev ppl 15.62, dev bleu 13.5, test ppl 14.39, test bleu 15.2, Sat Nov 30 13:14:44 2019
# Done training!, time 2679s, Sat Nov 30 13:14:44 2019.
# Start evaluating saved best models.
  loaded infer model parameters from tmp/nmt_attention_model_VI_s20000_l4_u256/best_bleu/translate.ckpt-20000, time 0.13s
  # 486
    src: Câu hỏi được đặt ra là , Sao mọi người lại chấp nhận điều này ?
    ref: And the question is , why do people accept this ?
    nmt: The question is , why do people accept this ?
  loaded eval model parameters from tmp/nmt_attention_model_VI_s20000_l4_u256/best_bleu/translate.ckpt-20000, time 0.10s
  eval dev: perplexity 15.62, time 7s, Sat Nov 30 13:14:52 2019.
  eval test: perplexity 14.39, time 6s, Sat Nov 30 13:14:59 2019.
  loaded infer model parameters from tmp/nmt_attention_model_VI_s20000_l4_u256/best_bleu/translate.ckpt-20000, time 0.10s
# External evaluation, global step 20000
  decoding to output tmp/nmt_attention_model_VI_s20000_l4_u256/output_dev
  done, num sentences 1553, num translations per input 1, time 24s, Sat Nov 30 13:15:23 2019.
  bleu dev: 13.5
  saving hparams to tmp/nmt_attention_model_VI_s20000_l4_u256/hparams
# External evaluation, global step 20000
  decoding to output tmp/nmt_attention_model_VI_s20000_l4_u256/output_test
  done, num sentences 1268, num translations per input 1, time 23s, Sat Nov 30 13:15:47 2019.
  bleu test: 15.2
  saving hparams to tmp/nmt_attention_model_VI_s20000_l4_u256/hparams
# Best bleu, step 20000 lr 1 step-time 0.62s wps 4.51K ppl 16.24 gN 5.67 dev ppl 15.62, dev bleu 13.5, test ppl 14.39, test bleu 15.2, Sat Nov 30 13:15:47 2019
