WARNING:tensorflow:From nmt/utils/iterator_utils.py:235: group_by_window (from tensorflow.contrib.data.python.ops.grouping) is deprecated and will be removed in a future version.
Instructions for updating:
Use `tf.data.experimental.group_by_window(...)`.
WARNING:tensorflow:From nmt/model_helper.py:402: __init__ (from tensorflow.python.ops.rnn_cell_impl) is deprecated and will be removed in a future version.
Instructions for updating:
This class is deprecated, please use tf.nn.rnn_cell.LSTMCell, which supports all the feature this cell currently has. Please replace the existing code with tf.nn.rnn_cell.LSTMCell(name='basic_lstm_cell').
2019-12-08 09:43:24.372892: I tensorflow/core/kernels/lookup_util.cc:376] Table trying to initialize from file tmp/iwslt15/vocab.vi is already initialized.
2019-12-08 09:43:24.372930: I tensorflow/core/kernels/lookup_util.cc:376] Table trying to initialize from file tmp/iwslt15/vocab.en is already initialized.
2019-12-08 09:43:24.372930: I tensorflow/core/kernels/lookup_util.cc:376] Table trying to initialize from file tmp/iwslt15/vocab.en is already initialized.
2019-12-08 09:56:40.372508: I tensorflow/core/kernels/lookup_util.cc:376] Table trying to initialize from file tmp/iwslt15/vocab.vi is already initialized.
2019-12-08 09:56:40.372730: I tensorflow/core/kernels/lookup_util.cc:376] Table trying to initialize from file tmp/iwslt15/vocab.en is already initialized.
2019-12-08 09:56:40.372762: I tensorflow/core/kernels/lookup_util.cc:376] Table trying to initialize from file tmp/iwslt15/vocab.en is already initialized.
2019-12-08 09:56:40.524851: I tensorflow/core/kernels/lookup_util.cc:376] Table trying to initialize from file tmp/iwslt15/vocab.vi is already initialized.
2019-12-08 09:56:40.524873: I tensorflow/core/kernels/lookup_util.cc:376] Table trying to initialize from file tmp/iwslt15/vocab.en is already initialized.
2019-12-08 09:56:40.524877: I tensorflow/core/kernels/lookup_util.cc:376] Table trying to initialize from file tmp/iwslt15/vocab.en is already initialized.
2019-12-08 09:56:57.137819: I tensorflow/core/kernels/lookup_util.cc:376] Table trying to initialize from file tmp/iwslt15/vocab.vi is already initialized.
2019-12-08 09:56:57.137849: I tensorflow/core/kernels/lookup_util.cc:376] Table trying to initialize from file tmp/iwslt15/vocab.en is already initialized.
2019-12-08 09:56:57.137852: I tensorflow/core/kernels/lookup_util.cc:376] Table trying to initialize from file tmp/iwslt15/vocab.en is already initialized.
2019-12-08 09:56:57.257043: I tensorflow/core/kernels/lookup_util.cc:376] Table trying to initialize from file tmp/iwslt15/vocab.vi is already initialized.
2019-12-08 09:56:57.257079: I tensorflow/core/kernels/lookup_util.cc:376] Table trying to initialize from file tmp/iwslt15/vocab.en is already initialized.
2019-12-08 09:56:57.257112: I tensorflow/core/kernels/lookup_util.cc:376] Table trying to initialize from file tmp/iwslt15/vocab.en is already initialized.
2019-12-08 09:57:12.296514: I tensorflow/core/kernels/lookup_util.cc:376] Table trying to initialize from file tmp/iwslt15/vocab.vi is already initialized.
2019-12-08 09:57:12.296539: I tensorflow/core/kernels/lookup_util.cc:376] Table trying to initialize from file tmp/iwslt15/vocab.en is already initialized.
2019-12-08 09:57:12.296744: I tensorflow/core/kernels/lookup_util.cc:376] Table trying to initialize from file tmp/iwslt15/vocab.en is already initialized.
2019-12-08 09:58:00.398613: I tensorflow/core/kernels/lookup_util.cc:376] Table trying to initialize from file tmp/iwslt15/vocab.en is already initialized.
2019-12-08 09:58:00.398691: I tensorflow/core/kernels/lookup_util.cc:376] Table trying to initialize from file tmp/iwslt15/vocab.en is already initialized.
2019-12-08 09:58:00.398632: I tensorflow/core/kernels/lookup_util.cc:376] Table trying to initialize from file tmp/iwslt15/vocab.vi is already initialized.
2019-12-08 09:58:00.563412: I tensorflow/core/kernels/lookup_util.cc:376] Table trying to initialize from file tmp/iwslt15/vocab.vi is already initialized.
2019-12-08 09:58:00.563420: I tensorflow/core/kernels/lookup_util.cc:376] Table trying to initialize from file tmp/iwslt15/vocab.en is already initialized.
2019-12-08 09:58:00.563454: I tensorflow/core/kernels/lookup_util.cc:376] Table trying to initialize from file tmp/iwslt15/vocab.en is already initialized.
2019-12-08 09:58:15.748392: I tensorflow/core/kernels/lookup_util.cc:376] Table trying to initialize from file tmp/iwslt15/vocab.en is already initialized.
2019-12-08 09:58:15.748392: I tensorflow/core/kernels/lookup_util.cc:376] Table trying to initialize from file tmp/iwslt15/vocab.en is already initialized.
2019-12-08 09:58:15.748422: I tensorflow/core/kernels/lookup_util.cc:376] Table trying to initialize from file tmp/iwslt15/vocab.vi is already initialized.
vice:GPU:0
  dynamic_seq2seq/encoder/rnn/multi_rnn_cell/cell_3/basic_lstm_cell/kernel:0, (256, 512), /device:GPU:0
  dynamic_seq2seq/encoder/rnn/multi_rnn_cell/cell_3/basic_lstm_cell/bias:0, (512,), /device:GPU:0
  dynamic_seq2seq/encoder/rnn/multi_rnn_cell/cell_4/basic_lstm_cell/kernel:0, (256, 512), /device:GPU:0
  dynamic_seq2seq/encoder/rnn/multi_rnn_cell/cell_4/basic_lstm_cell/bias:0, (512,), /device:GPU:0
  dynamic_seq2seq/encoder/rnn/multi_rnn_cell/cell_5/basic_lstm_cell/kernel:0, (256, 512), /device:GPU:0
  dynamic_seq2seq/encoder/rnn/multi_rnn_cell/cell_5/basic_lstm_cell/bias:0, (512,), /device:GPU:0
  dynamic_seq2seq/encoder/rnn/multi_rnn_cell/cell_6/basic_lstm_cell/kernel:0, (256, 512), /device:GPU:0
  dynamic_seq2seq/encoder/rnn/multi_rnn_cell/cell_6/basic_lstm_cell/bias:0, (512,), /device:GPU:0
  dynamic_seq2seq/encoder/rnn/multi_rnn_cell/cell_7/basic_lstm_cell/kernel:0, (256, 512), /device:GPU:0
  dynamic_seq2seq/encoder/rnn/multi_rnn_cell/cell_7/basic_lstm_cell/bias:0, (512,), /device:GPU:0
  dynamic_seq2seq/decoder/memory_layer/kernel:0, (128, 128), 
  dynamic_seq2seq/decoder/attention/multi_rnn_cell/cell_0/basic_lstm_cell/kernel:0, (384, 512), /device:GPU:0
  dynamic_seq2seq/decoder/attention/multi_rnn_cell/cell_0/basic_lstm_cell/bias:0, (512,), /device:GPU:0
  dynamic_seq2seq/decoder/attention/multi_rnn_cell/cell_1/basic_lstm_cell/kernel:0, (256, 512), /device:GPU:0
  dynamic_seq2seq/decoder/attention/multi_rnn_cell/cell_1/basic_lstm_cell/bias:0, (512,), /device:GPU:0
  dynamic_seq2seq/decoder/attention/multi_rnn_cell/cell_2/basic_lstm_cell/kernel:0, (256, 512), /device:GPU:0
  dynamic_seq2seq/decoder/attention/multi_rnn_cell/cell_2/basic_lstm_cell/bias:0, (512,), /device:GPU:0
  dynamic_seq2seq/decoder/attention/multi_rnn_cell/cell_3/basic_lstm_cell/kernel:0, (256, 512), /device:GPU:0
  dynamic_seq2seq/decoder/attention/multi_rnn_cell/cell_3/basic_lstm_cell/bias:0, (512,), /device:GPU:0
  dynamic_seq2seq/decoder/attention/multi_rnn_cell/cell_4/basic_lstm_cell/kernel:0, (256, 512), /device:GPU:0
  dynamic_seq2seq/decoder/attention/multi_rnn_cell/cell_4/basic_lstm_cell/bias:0, (512,), /device:GPU:0
  dynamic_seq2seq/decoder/attention/multi_rnn_cell/cell_5/basic_lstm_cell/kernel:0, (256, 512), /device:GPU:0
  dynamic_seq2seq/decoder/attention/multi_rnn_cell/cell_5/basic_lstm_cell/bias:0, (512,), /device:GPU:0
  dynamic_seq2seq/decoder/attention/multi_rnn_cell/cell_6/basic_lstm_cell/kernel:0, (256, 512), /device:GPU:0
  dynamic_seq2seq/decoder/attention/multi_rnn_cell/cell_6/basic_lstm_cell/bias:0, (512,), /device:GPU:0
  dynamic_seq2seq/decoder/attention/multi_rnn_cell/cell_7/basic_lstm_cell/kernel:0, (256, 512), /device:GPU:0
  dynamic_seq2seq/decoder/attention/multi_rnn_cell/cell_7/basic_lstm_cell/bias:0, (512,), /device:GPU:0
  dynamic_seq2seq/decoder/attention/luong_attention/attention_g:0, (), /device:GPU:0
  dynamic_seq2seq/decoder/attention/attention_layer/kernel:0, (256, 128), /device:GPU:0
  dynamic_seq2seq/decoder/output_projection/kernel:0, (128, 17191), /device:GPU:0
# Creating eval graph ...
# Build a basic encoder
  num_layers = 8, num_residual_layers=0
  cell 0  LSTM, forget_bias=1  DeviceWrapper, device=/gpu:0
  cell 1  LSTM, forget_bias=1  DeviceWrapper, device=/gpu:0
  cell 2  LSTM, forget_bias=1  DeviceWrapper, device=/gpu:0
  cell 3  LSTM, forget_bias=1  DeviceWrapper, device=/gpu:0
  cell 4  LSTM, forget_bias=1  DeviceWrapper, device=/gpu:0
  cell 5  LSTM, forget_bias=1  DeviceWrapper, device=/gpu:0
  cell 6  LSTM, forget_bias=1  DeviceWrapper, device=/gpu:0
  cell 7  LSTM, forget_bias=1  DeviceWrapper, device=/gpu:0
  cell 0  LSTM, forget_bias=1  DeviceWrapper, device=/gpu:0
  cell 1  LSTM, forget_bias=1  DeviceWrapper, device=/gpu:0
  cell 2  LSTM, forget_bias=1  DeviceWrapper, device=/gpu:0
  cell 3  LSTM, forget_bias=1  DeviceWrapper, device=/gpu:0
  cell 4  LSTM, forget_bias=1  DeviceWrapper, device=/gpu:0
  cell 5  LSTM, forget_bias=1  DeviceWrapper, device=/gpu:0
  cell 6  LSTM, forget_bias=1  DeviceWrapper, device=/gpu:0
  cell 7  LSTM, forget_bias=1  DeviceWrapper, device=/gpu:0
# Trainable variables
Format: <name>, <shape>, <(soft) device placement>
  embeddings/encoder/embedding_encoder:0, (7709, 128), /device:GPU:0
  embeddings/decoder/embedding_decoder:0, (17191, 128), /device:GPU:0
  dynamic_seq2seq/encoder/rnn/multi_rnn_cell/cell_0/basic_lstm_cell/kernel:0, (256, 512), /device:GPU:0
  dynamic_seq2seq/encoder/rnn/multi_rnn_cell/cell_0/basic_lstm_cell/bias:0, (512,), /device:GPU:0
  dynamic_seq2seq/encoder/rnn/multi_rnn_cell/cell_1/basic_lstm_cell/kernel:0, (256, 512), /device:GPU:0
  dynamic_seq2seq/encoder/rnn/multi_rnn_cell/cell_1/basic_lstm_cell/bias:0, (512,), /device:GPU:0
  dynamic_seq2seq/encoder/rnn/multi_rnn_cell/cell_2/basic_lstm_cell/kernel:0, (256, 512), /device:GPU:0
  dynamic_seq2seq/encoder/rnn/multi_rnn_cell/cell_2/basic_lstm_cell/bias:0, (512,), /device:GPU:0
  dynamic_seq2seq/encoder/rnn/multi_rnn_cell/cell_3/basic_lstm_cell/kernel:0, (256, 512), /device:GPU:0
  dynamic_seq2seq/encoder/rnn/multi_rnn_cell/cell_3/basic_lstm_cell/bias:0, (512,), /device:GPU:0
  dynamic_seq2seq/encoder/rnn/multi_rnn_cell/cell_4/basic_lstm_cell/kernel:0, (256, 512), /device:GPU:0
  dynamic_seq2seq/encoder/rnn/multi_rnn_cell/cell_4/basic_lstm_cell/bias:0, (512,), /device:GPU:0
  dynamic_seq2seq/encoder/rnn/multi_rnn_cell/cell_5/basic_lstm_cell/kernel:0, (256, 512), /device:GPU:0
  dynamic_seq2seq/encoder/rnn/multi_rnn_cell/cell_5/basic_lstm_cell/bias:0, (512,), /device:GPU:0
  dynamic_seq2seq/encoder/rnn/multi_rnn_cell/cell_6/basic_lstm_cell/kernel:0, (256, 512), /device:GPU:0
  dynamic_seq2seq/encoder/rnn/multi_rnn_cell/cell_6/basic_lstm_cell/bias:0, (512,), /device:GPU:0
  dynamic_seq2seq/encoder/rnn/multi_rnn_cell/cell_7/basic_lstm_cell/kernel:0, (256, 512), /device:GPU:0
  dynamic_seq2seq/encoder/rnn/multi_rnn_cell/cell_7/basic_lstm_cell/bias:0, (512,), /device:GPU:0
  dynamic_seq2seq/decoder/memory_layer/kernel:0, (128, 128), 
  dynamic_seq2seq/decoder/attention/multi_rnn_cell/cell_0/basic_lstm_cell/kernel:0, (384, 512), /device:GPU:0
  dynamic_seq2seq/decoder/attention/multi_rnn_cell/cell_0/basic_lstm_cell/bias:0, (512,), /device:GPU:0
  dynamic_seq2seq/decoder/attention/multi_rnn_cell/cell_1/basic_lstm_cell/kernel:0, (256, 512), /device:GPU:0
  dynamic_seq2seq/decoder/attention/multi_rnn_cell/cell_1/basic_lstm_cell/bias:0, (512,), /device:GPU:0
  dynamic_seq2seq/decoder/attention/multi_rnn_cell/cell_2/basic_lstm_cell/kernel:0, (256, 512), /device:GPU:0
  dynamic_seq2seq/decoder/attention/multi_rnn_cell/cell_2/basic_lstm_cell/bias:0, (512,), /device:GPU:0
  dynamic_seq2seq/decoder/attention/multi_rnn_cell/cell_3/basic_lstm_cell/kernel:0, (256, 512), /device:GPU:0
  dynamic_seq2seq/decoder/attention/multi_rnn_cell/cell_3/basic_lstm_cell/bias:0, (512,), /device:GPU:0
  dynamic_seq2seq/decoder/attention/multi_rnn_cell/cell_4/basic_lstm_cell/kernel:0, (256, 512), /device:GPU:0
  dynamic_seq2seq/decoder/attention/multi_rnn_cell/cell_4/basic_lstm_cell/bias:0, (512,), /device:GPU:0
  dynamic_seq2seq/decoder/attention/multi_rnn_cell/cell_5/basic_lstm_cell/kernel:0, (256, 512), /device:GPU:0
  dynamic_seq2seq/decoder/attention/multi_rnn_cell/cell_5/basic_lstm_cell/bias:0, (512,), /device:GPU:0
  dynamic_seq2seq/decoder/attention/multi_rnn_cell/cell_6/basic_lstm_cell/kernel:0, (256, 512), /device:GPU:0
  dynamic_seq2seq/decoder/attention/multi_rnn_cell/cell_6/basic_lstm_cell/bias:0, (512,), /device:GPU:0
  dynamic_seq2seq/decoder/attention/multi_rnn_cell/cell_7/basic_lstm_cell/kernel:0, (256, 512), /device:GPU:0
  dynamic_seq2seq/decoder/attention/multi_rnn_cell/cell_7/basic_lstm_cell/bias:0, (512,), /device:GPU:0
  dynamic_seq2seq/decoder/attention/luong_attention/attention_g:0, (), /device:GPU:0
  dynamic_seq2seq/decoder/attention/attention_layer/kernel:0, (256, 128), /device:GPU:0
  dynamic_seq2seq/decoder/output_projection/kernel:0, (128, 17191), /device:GPU:0
# Creating infer graph ...
# Build a basic encoder
  num_layers = 8, num_residual_layers=0
  cell 0  LSTM, forget_bias=1  DeviceWrapper, device=/gpu:0
  cell 1  LSTM, forget_bias=1  DeviceWrapper, device=/gpu:0
  cell 2  LSTM, forget_bias=1  DeviceWrapper, device=/gpu:0
  cell 3  LSTM, forget_bias=1  DeviceWrapper, device=/gpu:0
  cell 4  LSTM, forget_bias=1  DeviceWrapper, device=/gpu:0
  cell 5  LSTM, forget_bias=1  DeviceWrapper, device=/gpu:0
  cell 6  LSTM, forget_bias=1  DeviceWrapper, device=/gpu:0
  cell 7  LSTM, forget_bias=1  DeviceWrapper, device=/gpu:0
  cell 0  LSTM, forget_bias=1  DeviceWrapper, device=/gpu:0
  cell 1  LSTM, forget_bias=1  DeviceWrapper, device=/gpu:0
  cell 2  LSTM, forget_bias=1  DeviceWrapper, device=/gpu:0
  cell 3  LSTM, forget_bias=1  DeviceWrapper, device=/gpu:0
  cell 4  LSTM, forget_bias=1  DeviceWrapper, device=/gpu:0
  cell 5  LSTM, forget_bias=1  DeviceWrapper, device=/gpu:0
  cell 6  LSTM, forget_bias=1  DeviceWrapper, device=/gpu:0
  cell 7  LSTM, forget_bias=1  DeviceWrapper, device=/gpu:0
  decoder: infer_mode=greedybeam_width=0, length_penalty=0.000000, coverage_penalty=0.000000
# Trainable variables
Format: <name>, <shape>, <(soft) device placement>
  embeddings/encoder/embedding_encoder:0, (7709, 128), /device:GPU:0
  embeddings/decoder/embedding_decoder:0, (17191, 128), /device:GPU:0
  dynamic_seq2seq/encoder/rnn/multi_rnn_cell/cell_0/basic_lstm_cell/kernel:0, (256, 512), /device:GPU:0
  dynamic_seq2seq/encoder/rnn/multi_rnn_cell/cell_0/basic_lstm_cell/bias:0, (512,), /device:GPU:0
  dynamic_seq2seq/encoder/rnn/multi_rnn_cell/cell_1/basic_lstm_cell/kernel:0, (256, 512), /device:GPU:0
  dynamic_seq2seq/encoder/rnn/multi_rnn_cell/cell_1/basic_lstm_cell/bias:0, (512,), /device:GPU:0
  dynamic_seq2seq/encoder/rnn/multi_rnn_cell/cell_2/basic_lstm_cell/kernel:0, (256, 512), /device:GPU:0
  dynamic_seq2seq/encoder/rnn/multi_rnn_cell/cell_2/basic_lstm_cell/bias:0, (512,), /device:GPU:0
  dynamic_seq2seq/encoder/rnn/multi_rnn_cell/cell_3/basic_lstm_cell/kernel:0, (256, 512), /device:GPU:0
  dynamic_seq2seq/encoder/rnn/multi_rnn_cell/cell_3/basic_lstm_cell/bias:0, (512,), /device:GPU:0
  dynamic_seq2seq/encoder/rnn/multi_rnn_cell/cell_4/basic_lstm_cell/kernel:0, (256, 512), /device:GPU:0
  dynamic_seq2seq/encoder/rnn/multi_rnn_cell/cell_4/basic_lstm_cell/bias:0, (512,), /device:GPU:0
  dynamic_seq2seq/encoder/rnn/multi_rnn_cell/cell_5/basic_lstm_cell/kernel:0, (256, 512), /device:GPU:0
  dynamic_seq2seq/encoder/rnn/multi_rnn_cell/cell_5/basic_lstm_cell/bias:0, (512,), /device:GPU:0
  dynamic_seq2seq/encoder/rnn/multi_rnn_cell/cell_6/basic_lstm_cell/kernel:0, (256, 512), /device:GPU:0
  dynamic_seq2seq/encoder/rnn/multi_rnn_cell/cell_6/basic_lstm_cell/bias:0, (512,), /device:GPU:0
  dynamic_seq2seq/encoder/rnn/multi_rnn_cell/cell_7/basic_lstm_cell/kernel:0, (256, 512), /device:GPU:0
  dynamic_seq2seq/encoder/rnn/multi_rnn_cell/cell_7/basic_lstm_cell/bias:0, (512,), /device:GPU:0
  dynamic_seq2seq/decoder/memory_layer/kernel:0, (128, 128), 
  dynamic_seq2seq/decoder/attention/multi_rnn_cell/cell_0/basic_lstm_cell/kernel:0, (384, 512), /device:GPU:0
  dynamic_seq2seq/decoder/attention/multi_rnn_cell/cell_0/basic_lstm_cell/bias:0, (512,), /device:GPU:0
  dynamic_seq2seq/decoder/attention/multi_rnn_cell/cell_1/basic_lstm_cell/kernel:0, (256, 512), /device:GPU:0
  dynamic_seq2seq/decoder/attention/multi_rnn_cell/cell_1/basic_lstm_cell/bias:0, (512,), /device:GPU:0
  dynamic_seq2seq/decoder/attention/multi_rnn_cell/cell_2/basic_lstm_cell/kernel:0, (256, 512), /device:GPU:0
  dynamic_seq2seq/decoder/attention/multi_rnn_cell/cell_2/basic_lstm_cell/bias:0, (512,), /device:GPU:0
  dynamic_seq2seq/decoder/attention/multi_rnn_cell/cell_3/basic_lstm_cell/kernel:0, (256, 512), /device:GPU:0
  dynamic_seq2seq/decoder/attention/multi_rnn_cell/cell_3/basic_lstm_cell/bias:0, (512,), /device:GPU:0
  dynamic_seq2seq/decoder/attention/multi_rnn_cell/cell_4/basic_lstm_cell/kernel:0, (256, 512), /device:GPU:0
  dynamic_seq2seq/decoder/attention/multi_rnn_cell/cell_4/basic_lstm_cell/bias:0, (512,), /device:GPU:0
  dynamic_seq2seq/decoder/attention/multi_rnn_cell/cell_5/basic_lstm_cell/kernel:0, (256, 512), /device:GPU:0
  dynamic_seq2seq/decoder/attention/multi_rnn_cell/cell_5/basic_lstm_cell/bias:0, (512,), /device:GPU:0
  dynamic_seq2seq/decoder/attention/multi_rnn_cell/cell_6/basic_lstm_cell/kernel:0, (256, 512), /device:GPU:0
  dynamic_seq2seq/decoder/attention/multi_rnn_cell/cell_6/basic_lstm_cell/bias:0, (512,), /device:GPU:0
  dynamic_seq2seq/decoder/attention/multi_rnn_cell/cell_7/basic_lstm_cell/kernel:0, (256, 512), /device:GPU:0
  dynamic_seq2seq/decoder/attention/multi_rnn_cell/cell_7/basic_lstm_cell/bias:0, (512,), /device:GPU:0
  dynamic_seq2seq/decoder/attention/luong_attention/attention_g:0, (), /device:GPU:0
  dynamic_seq2seq/decoder/attention/attention_layer/kernel:0, (256, 128), /device:GPU:0
  dynamic_seq2seq/decoder/output_projection/kernel:0, (128, 17191), 
# log_file=tmp/nmt_attention_model_VI_s30000_l8_u128/log_1575808986
  loaded train model parameters from tmp/nmt_attention_model_VI_s30000_l8_u128/translate.ckpt-29000, time 0.45s
  loaded infer model parameters from tmp/nmt_attention_model_VI_s30000_l8_u128/translate.ckpt-29000, time 0.16s
  # 1407
    src: Ai đó có thể nghĩ rằng đây chỉ là bức ảnh phong cảnh và phần ở dưới đã được chỉnh sửa .
    ref: One might think that this is just an image of a landscape and the lower part is what &apos;s manipulated .
    nmt: It you , , , , , , , , , , , , <unk> . . .
  loaded eval model parameters from tmp/nmt_attention_model_VI_s30000_l8_u128/translate.ckpt-29000, time 0.16s
  eval dev: perplexity 184.54, time 7s, Sun Dec  8 09:43:17 2019.
  eval test: perplexity 209.38, time 7s, Sun Dec  8 09:43:24 2019.
  loaded infer model parameters from tmp/nmt_attention_model_VI_s30000_l8_u128/translate.ckpt-29000, time 0.09s
# External evaluation, global step 29000
  decoding to output tmp/nmt_attention_model_VI_s30000_l8_u128/output_dev
  done, num sentences 1553, num translations per input 1, time 43s, Sun Dec  8 09:44:07 2019.
  bleu dev: 0.8
  saving hparams to tmp/nmt_attention_model_VI_s30000_l8_u128/hparams
# External evaluation, global step 29000
  decoding to output tmp/nmt_attention_model_VI_s30000_l8_u128/output_test
  done, num sentences 1268, num translations per input 1, time 42s, Sun Dec  8 09:44:49 2019.
  bleu test: 0.6
  saving hparams to tmp/nmt_attention_model_VI_s30000_l8_u128/hparams
# Start step 29000, lr 1, Sun Dec  8 09:44:50 2019
# Init train iterator, skipping 53120 elements
  step 29100 lr 1 step-time 0.78s wps 3.54K ppl 188.71 gN 3.24 bleu 1.39, Sun Dec  8 09:46:08 2019
  step 29200 lr 1 step-time 0.69s wps 4.03K ppl 194.74 gN 3.16 bleu 1.39, Sun Dec  8 09:47:17 2019
  step 29300 lr 1 step-time 0.69s wps 4.03K ppl 192.57 gN 3.18 bleu 1.39, Sun Dec  8 09:48:26 2019
  step 29400 lr 1 step-time 0.70s wps 4.04K ppl 198.43 gN 3.25 bleu 1.39, Sun Dec  8 09:49:36 2019
  step 29500 lr 1 step-time 0.70s wps 3.99K ppl 192.93 gN 3.24 bleu 1.39, Sun Dec  8 09:50:47 2019
  step 29600 lr 1 step-time 0.71s wps 4.01K ppl 196.92 gN 3.16 bleu 1.39, Sun Dec  8 09:51:58 2019
  step 29700 lr 1 step-time 0.70s wps 4.01K ppl 195.83 gN 3.17 bleu 1.39, Sun Dec  8 09:53:08 2019
  step 29800 lr 1 step-time 0.71s wps 4.00K ppl 195.99 gN 3.23 bleu 1.39, Sun Dec  8 09:54:18 2019
  step 29900 lr 1 step-time 0.71s wps 4.03K ppl 195.07 gN 3.22 bleu 1.39, Sun Dec  8 09:55:29 2019
  step 30000 lr 1 step-time 0.70s wps 4.02K ppl 192.05 gN 3.21 bleu 1.39, Sun Dec  8 09:56:39 2019
# Save eval, global step 30000
  loaded infer model parameters from tmp/nmt_attention_model_VI_s30000_l8_u128/translate.ckpt-30000, time 0.10s
  # 1497
    src: Một số ví dụ điển hình về những triệu phú đến từ thế giới mạng những người kiếm được bộn tiền từ hoạt động tấn công mạng .
    ref: We actually have several cases of millionaires online , multimillionaires , who made money with their attacks .
    nmt: The of of of of of of of of the the the the the the the the the the . .
  loaded eval model parameters from tmp/nmt_attention_model_VI_s30000_l8_u128/translate.ckpt-30000, time 0.09s
  eval dev: perplexity 163.53, time 7s, Sun Dec  8 09:56:48 2019.
  eval test: perplexity 184.91, time 7s, Sun Dec  8 09:56:55 2019.
  loaded infer model parameters from tmp/nmt_attention_model_VI_s30000_l8_u128/translate.ckpt-30000, time 0.10s
  # 622
    src: Ai là người trông mong được thông tin ?
    ref: Who are they actually supposed to be informing ?
    nmt: Is &apos;s to ? ? ?
  loaded eval model parameters from tmp/nmt_attention_model_VI_s30000_l8_u128/translate.ckpt-30000, time 0.09s
  eval dev: perplexity 163.53, time 7s, Sun Dec  8 09:57:04 2019.
  eval test: perplexity 184.91, time 7s, Sun Dec  8 09:57:12 2019.
  loaded infer model parameters from tmp/nmt_attention_model_VI_s30000_l8_u128/translate.ckpt-30000, time 0.09s
# External evaluation, global step 30000
  decoding to output tmp/nmt_attention_model_VI_s30000_l8_u128/output_dev
  done, num sentences 1553, num translations per input 1, time 23s, Sun Dec  8 09:57:35 2019.
  bleu dev: 1.5
  saving hparams to tmp/nmt_attention_model_VI_s30000_l8_u128/hparams
# External evaluation, global step 30000
  decoding to output tmp/nmt_attention_model_VI_s30000_l8_u128/output_test
  done, num sentences 1268, num translations per input 1, time 23s, Sun Dec  8 09:57:59 2019.
  bleu test: 1.1
  saving hparams to tmp/nmt_attention_model_VI_s30000_l8_u128/hparams
# Final, step 30000 lr 1 step-time 0.70s wps 4.02K ppl 192.05 gN 3.21 dev ppl 163.53, dev bleu 1.5, test ppl 184.91, test bleu 1.1, Sun Dec  8 09:58:00 2019
# Done training!, time 789s, Sun Dec  8 09:58:00 2019.
# Start evaluating saved best models.
  loaded infer model parameters from tmp/nmt_attention_model_VI_s30000_l8_u128/best_bleu/translate.ckpt-30000, time 0.10s
  # 1119
    src: Mọi người đã xem ví dụ nhỏ của Ty về tiến hoá khi ông ấy đã thúc đẩy tiến hoá trên chương trình Nếp Xoắn ngay trước mắt mọi người .
    ref: And you saw Ty &apos;s little evolutionary example where he sort of did a little bit of evolution on the Convolution program right before your eyes .
    nmt: The was a a a a a a a a a a a the the the the the the the . . .
  loaded eval model parameters from tmp/nmt_attention_model_VI_s30000_l8_u128/best_bleu/translate.ckpt-30000, time 0.09s
  eval dev: perplexity 163.53, time 7s, Sun Dec  8 09:58:08 2019.
  eval test: perplexity 184.91, time 7s, Sun Dec  8 09:58:15 2019.
  loaded infer model parameters from tmp/nmt_attention_model_VI_s30000_l8_u128/best_bleu/translate.ckpt-30000, time 0.09s
# External evaluation, global step 30000
  decoding to output tmp/nmt_attention_model_VI_s30000_l8_u128/output_dev
  done, num sentences 1553, num translations per input 1, time 23s, Sun Dec  8 09:58:39 2019.
  bleu dev: 1.5
  saving hparams to tmp/nmt_attention_model_VI_s30000_l8_u128/hparams
# External evaluation, global step 30000
  decoding to output tmp/nmt_attention_model_VI_s30000_l8_u128/output_test
  done, num sentences 1268, num translations per input 1, time 23s, Sun Dec  8 09:59:03 2019.
  bleu test: 1.1
  saving hparams to tmp/nmt_attention_model_VI_s30000_l8_u128/hparams
# Best bleu, step 30000 lr 1 step-time 0.70s wps 4.02K ppl 192.05 gN 3.21 dev ppl 163.53, dev bleu 1.5, test ppl 184.91, test bleu 1.1, Sun Dec  8 09:59:03 2019
