WARNING:tensorflow:From nmt/utils/iterator_utils.py:235: group_by_window (from tensorflow.contrib.data.python.ops.grouping) is deprecated and will be removed in a future version.
Instructions for updating:
Use `tf.data.experimental.group_by_window(...)`.
WARNING:tensorflow:From nmt/model_helper.py:402: __init__ (from tensorflow.python.ops.rnn_cell_impl) is deprecated and will be removed in a future version.
Instructions for updating:
This class is deprecated, please use tf.nn.rnn_cell.LSTMCell, which supports all the feature this cell currently has. Please replace the existing code with tf.nn.rnn_cell.LSTMCell(name='basic_lstm_cell').
2019-11-28 17:01:32.557454: I tensorflow/core/kernels/lookup_util.cc:376] Table trying to initialize from file tmp/iwslt15/vocab.en is already initialized.
2019-11-28 17:01:32.557489: I tensorflow/core/kernels/lookup_util.cc:376] Table trying to initialize from file tmp/iwslt15/vocab.vi is already initialized.
2019-11-28 17:01:32.557454: I tensorflow/core/kernels/lookup_util.cc:376] Table trying to initialize from file tmp/iwslt15/vocab.en is already initialized.
2019-11-28 17:04:32.283000: I tensorflow/core/kernels/lookup_util.cc:376] Table trying to initialize from file tmp/iwslt15/vocab.vi is already initialized.
2019-11-28 17:04:32.283055: I tensorflow/core/kernels/lookup_util.cc:376] Table trying to initialize from file tmp/iwslt15/vocab.en is already initialized.
2019-11-28 17:04:32.283124: I tensorflow/core/kernels/lookup_util.cc:376] Table trying to initialize from file tmp/iwslt15/vocab.en is already initialized.
2019-11-28 17:04:32.358891: I tensorflow/core/kernels/lookup_util.cc:376] Table trying to initialize from file tmp/iwslt15/vocab.vi is already initialized.
2019-11-28 17:04:32.359042: I tensorflow/core/kernels/lookup_util.cc:376] Table trying to initialize from file tmp/iwslt15/vocab.en is already initialized.
2019-11-28 17:04:32.359133: I tensorflow/core/kernels/lookup_util.cc:376] Table trying to initialize from file tmp/iwslt15/vocab.en is already initialized.
2019-11-28 17:07:31.813424: I tensorflow/core/kernels/lookup_util.cc:376] Table trying to initialize from file tmp/iwslt15/vocab.vi is already initialized.
2019-11-28 17:07:31.813458: I tensorflow/core/kernels/lookup_util.cc:376] Table trying to initialize from file tmp/iwslt15/vocab.en is already initialized.
2019-11-28 17:07:31.813492: I tensorflow/core/kernels/lookup_util.cc:376] Table trying to initialize from file tmp/iwslt15/vocab.en is already initialized.
2019-11-28 17:07:31.884992: I tensorflow/core/kernels/lookup_util.cc:376] Table trying to initialize from file tmp/iwslt15/vocab.vi is already initialized.
2019-11-28 17:07:31.885058: I tensorflow/core/kernels/lookup_util.cc:376] Table trying to initialize from file tmp/iwslt15/vocab.en is already initialized.
2019-11-28 17:07:31.885097: I tensorflow/core/kernels/lookup_util.cc:376] Table trying to initialize from file tmp/iwslt15/vocab.en is already initialized.
2019-11-28 17:07:50.581497: I tensorflow/core/kernels/lookup_util.cc:376] Table trying to initialize from file tmp/iwslt15/vocab.vi is already initialized.
2019-11-28 17:07:50.581523: I tensorflow/core/kernels/lookup_util.cc:376] Table trying to initialize from file tmp/iwslt15/vocab.en is already initialized.
2019-11-28 17:07:50.581552: I tensorflow/core/kernels/lookup_util.cc:376] Table trying to initialize from file tmp/iwslt15/vocab.en is already initialized.
2019-11-28 17:07:50.660340: I tensorflow/core/kernels/lookup_util.cc:376] Table trying to initialize from file tmp/iwslt15/vocab.en is already initialized.
2019-11-28 17:07:50.660343: I tensorflow/core/kernels/lookup_util.cc:376] Table trying to initialize from file tmp/iwslt15/vocab.vi is already initialized.
2019-11-28 17:07:50.660358: I tensorflow/core/kernels/lookup_util.cc:376] Table trying to initialize from file tmp/iwslt15/vocab.en is already initialized.
2019-11-28 17:11:01.684928: I tensorflow/core/kernels/lookup_util.cc:376] Table trying to initialize from file tmp/iwslt15/vocab.vi is already initialized.
2019-11-28 17:11:01.685003: I tensorflow/core/kernels/lookup_util.cc:376] Table trying to initialize from file tmp/iwslt15/vocab.en is already initialized.
2019-11-28 17:11:01.684944: I tensorflow/core/kernels/lookup_util.cc:376] Table trying to initialize from file tmp/iwslt15/vocab.en is already initialized.
2019-11-28 17:11:01.758700: I tensorflow/core/kernels/lookup_util.cc:376] Table trying to initialize from file tmp/iwslt15/vocab.en is already initialized.
2019-11-28 17:11:01.758700: I tensorflow/core/kernels/lookup_util.cc:376] Table trying to initialize from file tmp/iwslt15/vocab.vi is already initialized.
2019-11-28 17:11:01.758723: I tensorflow/core/kernels/lookup_util.cc:376] Table trying to initialize from file tmp/iwslt15/vocab.en is already initialized.
2019-11-28 17:13:59.962674: I tensorflow/core/kernels/lookup_util.cc:376] Table trying to initialize from file tmp/iwslt15/vocab.vi is already initialized.
2019-11-28 17:13:59.962730: I tensorflow/core/kernels/lookup_util.cc:376] Table trying to initialize from file tmp/iwslt15/vocab.en is already initialized.
2019-11-28 17:13:59.962865: I tensorflow/core/kernels/lookup_util.cc:376] Table trying to initialize from file tmp/iwslt15/vocab.en is already initialized.
2019-11-28 17:14:00.040522: I tensorflow/core/kernels/lookup_util.cc:376] Table trying to initialize from file tmp/iwslt15/vocab.vi is already initialized.
2019-11-28 17:14:00.040584: I tensorflow/core/kernels/lookup_util.cc:376] Table trying to initialize from file tmp/iwslt15/vocab.en is already initialized.
2019-11-28 17:14:00.040649: I tensorflow/core/kernels/lookup_util.cc:376] Table trying to initialize from file tmp/iwslt15/vocab.en is already initialized.
2019-11-28 17:14:34.231994: I tensorflow/core/kernels/lookup_util.cc:376] Table trying to initialize from file tmp/iwslt15/vocab.en is already initialized.
2019-11-28 17:14:34.231994: I tensorflow/core/kernels/lookup_util.cc:376] Table trying to initialize from file tmp/iwslt15/vocab.en is already initialized.
2019-11-28 17:14:34.232160: I tensorflow/core/kernels/lookup_util.cc:376] Table trying to initialize from file tmp/iwslt15/vocab.vi is already initialized.
2019-11-28 17:14:34.296345: I tensorflow/core/kernels/lookup_util.cc:376] Table trying to initialize from file tmp/iwslt15/vocab.vi is already initialized.
2019-11-28 17:14:34.296373: I tensorflow/core/kernels/lookup_util.cc:376] Table trying to initialize from file tmp/iwslt15/vocab.en is already initialized.
2019-11-28 17:14:34.296376: I tensorflow/core/kernels/lookup_util.cc:376] Table trying to initialize from file tmp/iwslt15/vocab.en is already initialized.
2019-11-28 17:17:18.449487: I tensorflow/core/kernels/lookup_util.cc:376] Table trying to initialize from file tmp/iwslt15/vocab.vi is already initialized.
2019-11-28 17:17:18.449515: I tensorflow/core/kernels/lookup_util.cc:376] Table trying to initialize from file tmp/iwslt15/vocab.en is already initialized.
2019-11-28 17:17:18.449569: I tensorflow/core/kernels/lookup_util.cc:376] Table trying to initialize from file tmp/iwslt15/vocab.en is already initialized.
2019-11-28 17:17:18.552602: I tensorflow/core/kernels/lookup_util.cc:376] Table trying to initialize from file tmp/iwslt15/vocab.en is already initialized.
2019-11-28 17:17:18.552666: I tensorflow/core/kernels/lookup_util.cc:376] Table trying to initialize from file tmp/iwslt15/vocab.en is already initialized.
2019-11-28 17:17:18.552603: I tensorflow/core/kernels/lookup_util.cc:376] Table trying to initialize from file tmp/iwslt15/vocab.vi is already initialized.
2019-11-28 17:17:23.951491: I tensorflow/core/kernels/lookup_util.cc:376] Table trying to initialize from file tmp/iwslt15/vocab.vi is already initialized.
2019-11-28 17:17:23.951525: I tensorflow/core/kernels/lookup_util.cc:376] Table trying to initialize from file tmp/iwslt15/vocab.en is already initialized.
2019-11-28 17:17:23.951678: I tensorflow/core/kernels/lookup_util.cc:376] Table trying to initialize from file tmp/iwslt15/vocab.en is already initialized.
2019-11-28 17:17:24.013705: I tensorflow/core/kernels/lookup_util.cc:376] Table trying to initialize from file tmp/iwslt15/vocab.en is already initialized.
2019-11-28 17:17:24.013805: I tensorflow/core/kernels/lookup_util.cc:376] Table trying to initialize from file tmp/iwslt15/vocab.vi is already initialized.
2019-11-28 17:17:24.013807: I tensorflow/core/kernels/lookup_util.cc:376] Table trying to initialize from file tmp/iwslt15/vocab.en is already initialized.
2019-11-28 17:20:45.875039: I tensorflow/core/kernels/lookup_util.cc:376] Table trying to initialize from file tmp/iwslt15/vocab.en is already initialized.
2019-11-28 17:20:45.875039: I tensorflow/core/kernels/lookup_util.cc:376] Table trying to initialize from file tmp/iwslt15/vocab.vi is already initialized.
2019-11-28 17:20:45.875181: I tensorflow/core/kernels/lookup_util.cc:376] Table trying to initialize from file tmp/iwslt15/vocab.en is already initialized.
2019-11-28 17:20:45.961488: I tensorflow/core/kernels/lookup_util.cc:376] Table trying to initialize from file tmp/iwslt15/vocab.en is already initialized.
2019-11-28 17:20:45.961488: I tensorflow/core/kernels/lookup_util.cc:376] Table trying to initialize from file tmp/iwslt15/vocab.en is already initialized.
2019-11-28 17:20:45.961657: I tensorflow/core/kernels/lookup_util.cc:376] Table trying to initialize from file tmp/iwslt15/vocab.vi is already initialized.
2019-11-28 17:21:34.813236: I tensorflow/core/kernels/lookup_util.cc:376] Table trying to initialize from file tmp/iwslt15/vocab.en is already initialized.
2019-11-28 17:21:34.813327: I tensorflow/core/kernels/lookup_util.cc:376] Table trying to initialize from file tmp/iwslt15/vocab.vi is already initialized.
2019-11-28 17:21:34.813243: I tensorflow/core/kernels/lookup_util.cc:376] Table trying to initialize from file tmp/iwslt15/vocab.en is already initialized.
2019-11-28 17:21:34.882554: I tensorflow/core/kernels/lookup_util.cc:376] Table trying to initialize from file tmp/iwslt15/vocab.vi is already initialized.
2019-11-28 17:21:34.882571: I tensorflow/core/kernels/lookup_util.cc:376] Table trying to initialize from file tmp/iwslt15/vocab.en is already initialized.
2019-11-28 17:21:34.882584: I tensorflow/core/kernels/lookup_util.cc:376] Table trying to initialize from file tmp/iwslt15/vocab.en is already initialized.
2019-11-28 17:24:16.167126: I tensorflow/core/kernels/lookup_util.cc:376] Table trying to initialize from file tmp/iwslt15/vocab.vi is already initialized.
2019-11-28 17:24:16.167199: I tensorflow/core/kernels/lookup_util.cc:376] Table trying to initialize from file tmp/iwslt15/vocab.en is already initialized.
2019-11-28 17:24:16.167367: I tensorflow/core/kernels/lookup_util.cc:376] Table trying to initialize from file tmp/iwslt15/vocab.en is already initialized.
2019-11-28 17:24:16.285763: I tensorflow/core/kernels/lookup_util.cc:376] Table trying to initialize from file tmp/iwslt15/vocab.en is already initialized.
2019-11-28 17:24:16.285910: I tensorflow/core/kernels/lookup_util.cc:376] Table trying to initialize from file tmp/iwslt15/vocab.vi is already initialized.
2019-11-28 17:24:16.285967: I tensorflow/core/kernels/lookup_util.cc:376] Table trying to initialize from file tmp/iwslt15/vocab.en is already initialized.
2019-11-28 17:27:14.758793: I tensorflow/core/kernels/lookup_util.cc:376] Table trying to initialize from file tmp/iwslt15/vocab.en is already initialized.
2019-11-28 17:27:14.758856: I tensorflow/core/kernels/lookup_util.cc:376] Table trying to initialize from file tmp/iwslt15/vocab.en is already initialized.
2019-11-28 17:27:14.758857: I tensorflow/core/kernels/lookup_util.cc:376] Table trying to initialize from file tmp/iwslt15/vocab.vi is already initialized.
2019-11-28 17:27:14.843279: I tensorflow/core/kernels/lookup_util.cc:376] Table trying to initialize from file tmp/iwslt15/vocab.en is already initialized.
2019-11-28 17:27:14.843294: I tensorflow/core/kernels/lookup_util.cc:376] Table trying to initialize from file tmp/iwslt15/vocab.vi is already initialized.
2019-11-28 17:27:14.843344: I tensorflow/core/kernels/lookup_util.cc:376] Table trying to initialize from file tmp/iwslt15/vocab.en is already initialized.
2019-11-28 17:28:18.526452: I tensorflow/core/kernels/lookup_util.cc:376] Table trying to initialize from file tmp/iwslt15/vocab.en is already initialized.
2019-11-28 17:28:18.526529: I tensorflow/core/kernels/lookup_util.cc:376] Table trying to initialize from file tmp/iwslt15/vocab.vi is already initialized.
2019-11-28 17:28:18.526530: I tensorflow/core/kernels/lookup_util.cc:376] Table trying to initialize from file tmp/iwslt15/vocab.en is already initialized.
2019-11-28 17:28:18.588842: I tensorflow/core/kernels/lookup_util.cc:376] Table trying to initialize from file tmp/iwslt15/vocab.vi is already initialized.
2019-11-28 17:28:18.588863: I tensorflow/core/kernels/lookup_util.cc:376] Table trying to initialize from file tmp/iwslt15/vocab.en is already initialized.
2019-11-28 17:28:18.588867: I tensorflow/core/kernels/lookup_util.cc:376] Table trying to initialize from file tmp/iwslt15/vocab.en is already initialized.
2019-11-28 17:30:38.042909: I tensorflow/core/kernels/lookup_util.cc:376] Table trying to initialize from file tmp/iwslt15/vocab.vi is already initialized.
2019-11-28 17:30:38.042951: I tensorflow/core/kernels/lookup_util.cc:376] Table trying to initialize from file tmp/iwslt15/vocab.en is already initialized.
2019-11-28 17:30:38.042951: I tensorflow/core/kernels/lookup_util.cc:376] Table trying to initialize from file tmp/iwslt15/vocab.en is already initialized.
2019-11-28 17:30:38.119610: I tensorflow/core/kernels/lookup_util.cc:376] Table trying to initialize from file tmp/iwslt15/vocab.vi is already initialized.
2019-11-28 17:30:38.119610: I tensorflow/core/kernels/lookup_util.cc:376] Table trying to initialize from file tmp/iwslt15/vocab.en is already initialized.
2019-11-28 17:30:38.119631: I tensorflow/core/kernels/lookup_util.cc:376] Table trying to initialize from file tmp/iwslt15/vocab.en is already initialized.
2019-11-28 17:33:36.508809: I tensorflow/core/kernels/lookup_util.cc:376] Table trying to initialize from file tmp/iwslt15/vocab.en is already initialized.
2019-11-28 17:33:36.509131: I tensorflow/core/kernels/lookup_util.cc:376] Table trying to initialize from file tmp/iwslt15/vocab.vi is already initialized.
2019-11-28 17:33:36.509442: I tensorflow/core/kernels/lookup_util.cc:376] Table trying to initialize from file tmp/iwslt15/vocab.en is already initialized.
2019-11-28 17:33:36.590823: I tensorflow/core/kernels/lookup_util.cc:376] Table trying to initialize from file tmp/iwslt15/vocab.vi is already initialized.
2019-11-28 17:33:36.590833: I tensorflow/core/kernels/lookup_util.cc:376] Table trying to initialize from file tmp/iwslt15/vocab.en is already initialized.
2019-11-28 17:33:36.590840: I tensorflow/core/kernels/lookup_util.cc:376] Table trying to initialize from file tmp/iwslt15/vocab.en is already initialized.
2019-11-28 17:33:42.198425: I tensorflow/core/kernels/lookup_util.cc:376] Table trying to initialize from file tmp/iwslt15/vocab.en is already initialized.
2019-11-28 17:33:42.198496: I tensorflow/core/kernels/lookup_util.cc:376] Table trying to initialize from file tmp/iwslt15/vocab.vi is already initialized.
2019-11-28 17:33:42.198426: I tensorflow/core/kernels/lookup_util.cc:376] Table trying to initialize from file tmp/iwslt15/vocab.en is already initialized.
2019-11-28 17:33:42.264971: I tensorflow/core/kernels/lookup_util.cc:376] Table trying to initialize from file tmp/iwslt15/vocab.en is already initialized.
2019-11-28 17:33:42.265009: I tensorflow/core/kernels/lookup_util.cc:376] Table trying to initialize from file tmp/iwslt15/vocab.en is already initialized.
2019-11-28 17:33:42.264984: I tensorflow/core/kernels/lookup_util.cc:376] Table trying to initialize from file tmp/iwslt15/vocab.vi is already initialized.
2019-11-28 17:34:12.240564: I tensorflow/core/kernels/lookup_util.cc:376] Table trying to initialize from file tmp/iwslt15/vocab.en is already initialized.
2019-11-28 17:34:12.240606: I tensorflow/core/kernels/lookup_util.cc:376] Table trying to initialize from file tmp/iwslt15/vocab.vi is already initialized.
2019-11-28 17:34:12.240901: I tensorflow/core/kernels/lookup_util.cc:376] Table trying to initialize from file tmp/iwslt15/vocab.en is already initialized.
2019-11-28 17:34:12.332897: I tensorflow/core/kernels/lookup_util.cc:376] Table trying to initialize from file tmp/iwslt15/vocab.vi is already initialized.
2019-11-28 17:34:12.332955: I tensorflow/core/kernels/lookup_util.cc:376] Table trying to initialize from file tmp/iwslt15/vocab.en is already initialized.
2019-11-28 17:34:12.332966: I tensorflow/core/kernels/lookup_util.cc:376] Table trying to initialize from file tmp/iwslt15/vocab.en is already initialized.
2019-11-28 17:34:17.443889: I tensorflow/core/kernels/lookup_util.cc:376] Table trying to initialize from file tmp/iwslt15/vocab.vi is already initialized.
2019-11-28 17:34:17.443967: I tensorflow/core/kernels/lookup_util.cc:376] Table trying to initialize from file tmp/iwslt15/vocab.en is already initialized.
2019-11-28 17:34:17.443889: I tensorflow/core/kernels/lookup_util.cc:376] Table trying to initialize from file tmp/iwslt15/vocab.en is already initialized.
2019-11-28 17:34:46.768400: I tensorflow/core/kernels/lookup_util.cc:376] Table trying to initialize from file tmp/iwslt15/vocab.vi is already initialized.
2019-11-28 17:34:46.768429: I tensorflow/core/kernels/lookup_util.cc:376] Table trying to initialize from file tmp/iwslt15/vocab.en is already initialized.
2019-11-28 17:34:46.768450: I tensorflow/core/kernels/lookup_util.cc:376] Table trying to initialize from file tmp/iwslt15/vocab.en is already initialized.
2019-11-28 17:34:46.851594: I tensorflow/core/kernels/lookup_util.cc:376] Table trying to initialize from file tmp/iwslt15/vocab.en is already initialized.
2019-11-28 17:34:46.851594: I tensorflow/core/kernels/lookup_util.cc:376] Table trying to initialize from file tmp/iwslt15/vocab.en is already initialized.
2019-11-28 17:34:46.851808: I tensorflow/core/kernels/lookup_util.cc:376] Table trying to initialize from file tmp/iwslt15/vocab.vi is already initialized.
2019-11-28 17:34:51.965110: I tensorflow/core/kernels/lookup_util.cc:376] Table trying to initialize from file tmp/iwslt15/vocab.vi is already initialized.
2019-11-28 17:34:51.965160: I tensorflow/core/kernels/lookup_util.cc:376] Table trying to initialize from file tmp/iwslt15/vocab.en is already initialized.
2019-11-28 17:34:51.965214: I tensorflow/core/kernels/lookup_util.cc:376] Table trying to initialize from file tmp/iwslt15/vocab.en is already initialized.
e able to be able to be able to be able to be able to be able to be able to be able to be able to be able to be able to be able to be able to be able to be able to be
  loaded eval model parameters from tmp/nmt_attention_model_VI_s10000_l2_u32/translate.ckpt-5000, time 0.05s
  eval dev: perplexity 77.57, time 2s, Thu Nov 28 17:17:21 2019.
  eval test: perplexity 92.61, time 2s, Thu Nov 28 17:17:23 2019.
  loaded infer model parameters from tmp/nmt_attention_model_VI_s10000_l2_u32/translate.ckpt-5000, time 0.06s
  # 1247
    src: Anh ấy gõ &quot; Opossum &quot; vào kho dữ liệu chính thức .
    ref: He types &quot; Opossum &quot; into this official knowledge base .
    nmt: He said , &quot; <unk> <unk> <unk> .
  loaded infer model parameters from tmp/nmt_attention_model_VI_s10000_l2_u32/translate.ckpt-5000, time 0.04s
# External evaluation, global step 5000
  decoding to output tmp/nmt_attention_model_VI_s10000_l2_u32/output_dev
  done, num sentences 1553, num translations per input 1, time 14s, Thu Nov 28 17:17:38 2019.
  bleu dev: 1.7
  saving hparams to tmp/nmt_attention_model_VI_s10000_l2_u32/hparams
# External evaluation, global step 5000
  decoding to output tmp/nmt_attention_model_VI_s10000_l2_u32/output_test
  done, num sentences 1268, num translations per input 1, time 14s, Thu Nov 28 17:17:52 2019.
  bleu test: 1.1
  saving hparams to tmp/nmt_attention_model_VI_s10000_l2_u32/hparams
  step 5100 lr 1 step-time 0.17s wps 16.08K ppl 98.00 gN 4.29 bleu 1.90, Thu Nov 28 17:18:09 2019
  step 5200 lr 1 step-time 0.17s wps 16.27K ppl 98.99 gN 4.23 bleu 1.90, Thu Nov 28 17:18:26 2019
  step 5300 lr 1 step-time 0.17s wps 16.09K ppl 101.91 gN 4.53 bleu 1.90, Thu Nov 28 17:18:44 2019
  step 5400 lr 1 step-time 0.17s wps 16.28K ppl 101.06 gN 4.44 bleu 1.90, Thu Nov 28 17:19:01 2019
  step 5500 lr 1 step-time 0.17s wps 16.35K ppl 96.76 gN 4.51 bleu 1.90, Thu Nov 28 17:19:19 2019
  step 5600 lr 1 step-time 0.17s wps 16.45K ppl 96.06 gN 4.66 bleu 1.90, Thu Nov 28 17:19:36 2019
  step 5700 lr 1 step-time 0.17s wps 16.36K ppl 95.66 gN 4.82 bleu 1.90, Thu Nov 28 17:19:53 2019
  step 5800 lr 1 step-time 0.17s wps 16.40K ppl 92.41 gN 4.50 bleu 1.90, Thu Nov 28 17:20:11 2019
  step 5900 lr 1 step-time 0.17s wps 16.43K ppl 90.88 gN 4.62 bleu 1.90, Thu Nov 28 17:20:28 2019
  step 6000 lr 1 step-time 0.17s wps 16.22K ppl 89.30 gN 4.52 bleu 1.90, Thu Nov 28 17:20:45 2019
# Save eval, global step 6000
  loaded infer model parameters from tmp/nmt_attention_model_VI_s10000_l2_u32/translate.ckpt-6000, time 0.06s
  # 453
    src: 90 % cái mà chúng tôi đánh bắt được là bọt biển , và những sinh vật khác sống chặt dưới đáy biển
    ref: And 90 percent of our catch were sponges , other animals that are fixed on the bottom .
    nmt: We &apos;ve been born in the United States and we &apos;ve been <unk> the <unk> and the <unk> <unk> .
  loaded eval model parameters from tmp/nmt_attention_model_VI_s10000_l2_u32/translate.ckpt-6000, time 0.05s
  eval dev: perplexity 81.01, time 2s, Thu Nov 28 17:20:48 2019.
  eval test: perplexity 95.18, time 2s, Thu Nov 28 17:20:51 2019.
  step 6100 lr 1 step-time 0.17s wps 16.36K ppl 90.27 gN 4.80 bleu 1.90, Thu Nov 28 17:21:08 2019
  step 6200 lr 1 step-time 0.18s wps 16.23K ppl 89.70 gN 4.63 bleu 1.90, Thu Nov 28 17:21:25 2019
# Finished an epoch, step 6255. Perform external evaluation
  loaded infer model parameters from tmp/nmt_attention_model_VI_s10000_l2_u32/translate.ckpt-6000, time 0.04s
  # 1524
    src: Thực tế thì bạn cần một chứng thực như vậy nếu bạn có một trang web sử dụng giao thức https với dịch vụ mã hoá SSL , là kiểu dịch vụ mà Gmail đang sử dụng .
    ref: Well you need a certificate if you have a website that has https , SSL encrypted services , services like Gmail .
    nmt: So you need a <unk> <unk> <unk> <unk> <unk> <unk> <unk> <unk> <unk> <unk> <unk> <unk> <unk> <unk> <unk> <unk> <unk> <unk> <unk> <unk> <unk> .
  loaded infer model parameters from tmp/nmt_attention_model_VI_s10000_l2_u32/translate.ckpt-6000, time 0.04s
# External evaluation, global step 6000
  decoding to output tmp/nmt_attention_model_VI_s10000_l2_u32/output_dev
  done, num sentences 1553, num translations per input 1, time 13s, Thu Nov 28 17:21:48 2019.
  bleu dev: 2.4
  saving hparams to tmp/nmt_attention_model_VI_s10000_l2_u32/hparams
# External evaluation, global step 6000
  decoding to output tmp/nmt_attention_model_VI_s10000_l2_u32/output_test
  done, num sentences 1268, num translations per input 1, time 13s, Thu Nov 28 17:22:02 2019.
  bleu test: 1.9
  saving hparams to tmp/nmt_attention_model_VI_s10000_l2_u32/hparams
  step 6300 lr 1 step-time 0.21s wps 12.61K ppl 86.04 gN 5.13 bleu 2.45, Thu Nov 28 17:22:15 2019
  step 6400 lr 1 step-time 0.18s wps 15.59K ppl 81.42 gN 4.70 bleu 2.45, Thu Nov 28 17:22:33 2019
  step 6500 lr 1 step-time 0.16s wps 16.63K ppl 78.48 gN 4.62 bleu 2.45, Thu Nov 28 17:22:49 2019
  step 6600 lr 1 step-time 0.17s wps 16.55K ppl 80.49 gN 4.83 bleu 2.45, Thu Nov 28 17:23:06 2019
  step 6700 lr 1 step-time 0.17s wps 16.29K ppl 78.87 gN 4.83 bleu 2.45, Thu Nov 28 17:23:24 2019
  step 6800 lr 1 step-time 0.17s wps 16.19K ppl 79.32 gN 4.91 bleu 2.45, Thu Nov 28 17:23:41 2019
  step 6900 lr 1 step-time 0.17s wps 16.38K ppl 77.69 gN 4.81 bleu 2.45, Thu Nov 28 17:23:58 2019
  step 7000 lr 1 step-time 0.17s wps 16.46K ppl 79.52 gN 4.78 bleu 2.45, Thu Nov 28 17:24:15 2019
# Save eval, global step 7000
  loaded infer model parameters from tmp/nmt_attention_model_VI_s10000_l2_u32/translate.ckpt-7000, time 0.05s
  # 1280
    src: Xem nào , bao nhiêu lần chúng ta bầu cử 1 nhà lãnh đạo chính trị -- và chúng ta thường tiêu tốn nhiều năng lượng để đi tìm 1 nhà lãnh đạo chính trị -- và rồi chúng ta ngồi lại và hi vọng chính phủ sẽ phản ánh giá trị và thoả mãn nhu cầu của chúng ta , nhưng rồi lại chẳng có mấy thay đổi ?
    ref: Now how many times have we elected a political leader -- and sometimes we spend a lot of energy getting a new political leader elected -- and then we sit back and we expect government to reflect our values and meet our needs , and then not that much changes ?
    nmt: Well , let &apos;s be , and we &apos;re going to be able to be a lot of the <unk> , and we &apos;re going to be able to be the data , but they &apos;re going to be able to be using the energy , but then we &apos;re going to use the energy , but then we &apos;re going to use the energy , and then we &apos;re going to be using the energy .
  loaded eval model parameters from tmp/nmt_attention_model_VI_s10000_l2_u32/translate.ckpt-7000, time 0.05s
  eval dev: perplexity 54.59, time 2s, Thu Nov 28 17:24:18 2019.
  eval test: perplexity 60.97, time 2s, Thu Nov 28 17:24:21 2019.
  step 7100 lr 1 step-time 0.17s wps 16.15K ppl 78.20 gN 4.98 bleu 2.45, Thu Nov 28 17:24:38 2019
  step 7200 lr 1 step-time 0.17s wps 16.25K ppl 76.01 gN 4.98 bleu 2.45, Thu Nov 28 17:24:55 2019
  step 7300 lr 1 step-time 0.17s wps 16.31K ppl 78.44 gN 5.03 bleu 2.45, Thu Nov 28 17:25:13 2019
  step 7400 lr 1 step-time 0.17s wps 16.37K ppl 78.77 gN 5.15 bleu 2.45, Thu Nov 28 17:25:30 2019
  step 7500 lr 1 step-time 0.17s wps 16.14K ppl 78.84 gN 5.27 bleu 2.45, Thu Nov 28 17:25:47 2019
  step 7600 lr 1 step-time 0.17s wps 16.30K ppl 79.52 gN 5.41 bleu 2.45, Thu Nov 28 17:26:05 2019
  step 7700 lr 1 step-time 0.18s wps 16.08K ppl 76.23 gN 4.99 bleu 2.45, Thu Nov 28 17:26:22 2019
  step 7800 lr 1 step-time 0.17s wps 16.29K ppl 76.38 gN 5.04 bleu 2.45, Thu Nov 28 17:26:40 2019
  step 7900 lr 1 step-time 0.17s wps 16.28K ppl 75.26 gN 4.90 bleu 2.45, Thu Nov 28 17:26:57 2019
  step 8000 lr 1 step-time 0.17s wps 16.46K ppl 75.04 gN 5.21 bleu 2.45, Thu Nov 28 17:27:14 2019
# Save eval, global step 8000
  loaded infer model parameters from tmp/nmt_attention_model_VI_s10000_l2_u32/translate.ckpt-8000, time 0.05s
  # 1143
    src: Và đương nhiên , dãy câu lệnh ngẫu nhiên sẽ không có xu hướng sắp xếp các con số , vì vậy , không một câu lệnh nào sẽ thực sự thực hiện nhiệm vụ ấy .
    ref: So of course , random sequences of instructions are very unlikely to sort numbers , so none of them will really do it .
    nmt: And the <unk> , the <unk> of <unk> , because it &apos;s not a <unk> of <unk> , because it &apos;s a <unk> .
  loaded eval model parameters from tmp/nmt_attention_model_VI_s10000_l2_u32/translate.ckpt-8000, time 0.05s
  eval dev: perplexity 48.77, time 2s, Thu Nov 28 17:27:17 2019.
  eval test: perplexity 53.00, time 2s, Thu Nov 28 17:27:19 2019.
  step 8100 lr 1 step-time 0.17s wps 16.31K ppl 74.47 gN 5.03 bleu 2.45, Thu Nov 28 17:27:36 2019
  step 8200 lr 1 step-time 0.17s wps 16.28K ppl 73.71 gN 5.23 bleu 2.45, Thu Nov 28 17:27:54 2019
  step 8300 lr 1 step-time 0.18s wps 16.34K ppl 74.70 gN 5.18 bleu 2.45, Thu Nov 28 17:28:12 2019
# Finished an epoch, step 8340. Perform external evaluation
  loaded infer model parameters from tmp/nmt_attention_model_VI_s10000_l2_u32/translate.ckpt-8000, time 0.05s
  # 340
    src: Sao một quan toà có thể biến bạn thành một người mà bạn vốn không phải ?
    ref: How can a judge turn you into something that you &apos;re not ?
    nmt: What is a big thing you can &apos;t be a person ?
  loaded infer model parameters from tmp/nmt_attention_model_VI_s10000_l2_u32/translate.ckpt-8000, time 0.04s
# External evaluation, global step 8000
  decoding to output tmp/nmt_attention_model_VI_s10000_l2_u32/output_dev
  done, num sentences 1553, num translations per input 1, time 10s, Thu Nov 28 17:28:28 2019.
  bleu dev: 4.7
  saving hparams to tmp/nmt_attention_model_VI_s10000_l2_u32/hparams
# External evaluation, global step 8000
  decoding to output tmp/nmt_attention_model_VI_s10000_l2_u32/output_test
  done, num sentences 1268, num translations per input 1, time 9s, Thu Nov 28 17:28:38 2019.
  bleu test: 4.4
  saving hparams to tmp/nmt_attention_model_VI_s10000_l2_u32/hparams
  step 8400 lr 1 step-time 0.21s wps 12.77K ppl 70.05 gN 5.49 bleu 4.69, Thu Nov 28 17:28:53 2019
  step 8500 lr 1 step-time 0.18s wps 15.79K ppl 68.42 gN 5.05 bleu 4.69, Thu Nov 28 17:29:11 2019
  step 8600 lr 1 step-time 0.17s wps 16.57K ppl 68.74 gN 5.25 bleu 4.69, Thu Nov 28 17:29:28 2019
  step 8700 lr 1 step-time 0.17s wps 16.22K ppl 66.18 gN 5.17 bleu 4.69, Thu Nov 28 17:29:45 2019
  step 8800 lr 1 step-time 0.17s wps 16.29K ppl 66.44 gN 5.21 bleu 4.69, Thu Nov 28 17:30:02 2019
  step 8900 lr 1 step-time 0.17s wps 16.20K ppl 67.38 gN 5.45 bleu 4.69, Thu Nov 28 17:30:20 2019
  step 9000 lr 1 step-time 0.17s wps 16.28K ppl 67.66 gN 5.35 bleu 4.69, Thu Nov 28 17:30:37 2019
# Save eval, global step 9000
  loaded infer model parameters from tmp/nmt_attention_model_VI_s10000_l2_u32/translate.ckpt-9000, time 0.06s
  # 884
    src: Và tương tự như &quot; Double Rainbow &quot; Có vẻ như nó chỉ nổi lên từ chỗ không có gì cả .
    ref: And similar to &quot; Double Rainbow , &quot; it seems to have just sprouted up out of nowhere .
    nmt: And the way like <unk> <unk> , which is not like it &apos;s not not not not .
  loaded eval model parameters from tmp/nmt_attention_model_VI_s10000_l2_u32/translate.ckpt-9000, time 0.05s
  eval dev: perplexity 47.95, time 2s, Thu Nov 28 17:30:40 2019.
  eval test: perplexity 51.76, time 2s, Thu Nov 28 17:30:43 2019.
  step 9100 lr 1 step-time 0.18s wps 16.24K ppl 68.30 gN 5.39 bleu 4.69, Thu Nov 28 17:31:00 2019
  step 9200 lr 1 step-time 0.17s wps 16.32K ppl 65.15 gN 5.20 bleu 4.69, Thu Nov 28 17:31:17 2019
  step 9300 lr 1 step-time 0.17s wps 16.26K ppl 65.49 gN 5.34 bleu 4.69, Thu Nov 28 17:31:34 2019
  step 9400 lr 1 step-time 0.18s wps 16.14K ppl 69.13 gN 5.36 bleu 4.69, Thu Nov 28 17:31:52 2019
  step 9500 lr 1 step-time 0.17s wps 16.32K ppl 68.01 gN 5.25 bleu 4.69, Thu Nov 28 17:32:09 2019
  step 9600 lr 1 step-time 0.17s wps 16.28K ppl 66.72 gN 5.15 bleu 4.69, Thu Nov 28 17:32:26 2019
  step 9700 lr 1 step-time 0.18s wps 16.01K ppl 67.42 gN 5.23 bleu 4.69, Thu Nov 28 17:32:44 2019
  step 9800 lr 1 step-time 0.17s wps 16.23K ppl 67.44 gN 5.32 bleu 4.69, Thu Nov 28 17:33:02 2019
  step 9900 lr 1 step-time 0.17s wps 16.36K ppl 68.78 gN 5.34 bleu 4.69, Thu Nov 28 17:33:19 2019
  step 10000 lr 1 step-time 0.17s wps 16.58K ppl 65.64 gN 5.15 bleu 4.69, Thu Nov 28 17:33:36 2019
# Save eval, global step 10000
  loaded infer model parameters from tmp/nmt_attention_model_VI_s10000_l2_u32/translate.ckpt-10000, time 0.06s
  # 1004
    src: Chúng ta đang tiến tới , tất cả chúng ta đang tiến tới một thế giới nơi mà các sức mạnh tự nhiên đến gần hơn với công nghệ , và phép màu và công nghệ có thể tiến gần nhau hơn .
    ref: We &apos;re moving , we &apos;re all moving here , to a world where the forces of nature come closer together to technology , and magic and technology can come closer together .
    nmt: We &apos;re going to go , all of them , we &apos;re doing with a world , we &apos;re doing with a world in the world , and it &apos;s a lot of things .
  loaded eval model parameters from tmp/nmt_attention_model_VI_s10000_l2_u32/translate.ckpt-10000, time 0.05s
  eval dev: perplexity 44.86, time 2s, Thu Nov 28 17:33:39 2019.
  eval test: perplexity 48.97, time 2s, Thu Nov 28 17:33:41 2019.
  loaded infer model parameters from tmp/nmt_attention_model_VI_s10000_l2_u32/translate.ckpt-10000, time 0.06s
  # 908
    src: Và ai có thể dự đoán bất cứ gì về điều này ?
    ref: And who could have predicted any of this ?
    nmt: And what do you do ?
  loaded infer model parameters from tmp/nmt_attention_model_VI_s10000_l2_u32/translate.ckpt-10000, time 0.05s
# External evaluation, global step 10000
  decoding to output tmp/nmt_attention_model_VI_s10000_l2_u32/output_dev
  done, num sentences 1553, num translations per input 1, time 14s, Thu Nov 28 17:33:56 2019.
  bleu dev: 3.7
  saving hparams to tmp/nmt_attention_model_VI_s10000_l2_u32/hparams
# External evaluation, global step 10000
  decoding to output tmp/nmt_attention_model_VI_s10000_l2_u32/output_test
  done, num sentences 1268, num translations per input 1, time 14s, Thu Nov 28 17:34:11 2019.
  bleu test: 3.2
  saving hparams to tmp/nmt_attention_model_VI_s10000_l2_u32/hparams
  loaded infer model parameters from tmp/nmt_attention_model_VI_s10000_l2_u32/translate.ckpt-10000, time 0.06s
  # 765
    src: Tại sao tôi lại không hỏi bác sĩ hướng dẫn ? Tại sao lại cho bệnh nhân về nhà ?
    ref: Why didn &apos;t I ask my attending ? Why did I send her home ?
    nmt: Why I don &apos;t do with the <unk> ? Why do we do with your own ? Why do you do with your own ?
  loaded eval model parameters from tmp/nmt_attention_model_VI_s10000_l2_u32/translate.ckpt-10000, time 0.06s
  eval dev: perplexity 44.86, time 2s, Thu Nov 28 17:34:14 2019.
  eval test: perplexity 48.97, time 2s, Thu Nov 28 17:34:17 2019.
  loaded infer model parameters from tmp/nmt_attention_model_VI_s10000_l2_u32/translate.ckpt-10000, time 0.06s
# External evaluation, global step 10000
  decoding to output tmp/nmt_attention_model_VI_s10000_l2_u32/output_dev
  done, num sentences 1553, num translations per input 1, time 14s, Thu Nov 28 17:34:31 2019.
  bleu dev: 3.7
  saving hparams to tmp/nmt_attention_model_VI_s10000_l2_u32/hparams
# External evaluation, global step 10000
  decoding to output tmp/nmt_attention_model_VI_s10000_l2_u32/output_test
  done, num sentences 1268, num translations per input 1, time 14s, Thu Nov 28 17:34:46 2019.
  bleu test: 3.2
  saving hparams to tmp/nmt_attention_model_VI_s10000_l2_u32/hparams
# Final, step 10000 lr 1 step-time 0.17s wps 16.58K ppl 65.64 gN 5.15 dev ppl 44.86, dev bleu 3.7, test ppl 48.97, test bleu 3.2, Thu Nov 28 17:34:46 2019
# Done training!, time 1993s, Thu Nov 28 17:34:46 2019.
# Start evaluating saved best models.
  loaded infer model parameters from tmp/nmt_attention_model_VI_s10000_l2_u32/best_bleu/translate.ckpt-8000, time 0.06s
  # 1429
    src: Nó được gọi là Gạch Tự Gắn
    ref: It was called the Automatic Binding Brick .
    nmt: It &apos;s called <unk> <unk> .
  loaded eval model parameters from tmp/nmt_attention_model_VI_s10000_l2_u32/best_bleu/translate.ckpt-8000, time 0.06s
  eval dev: perplexity 48.77, time 2s, Thu Nov 28 17:34:49 2019.
  eval test: perplexity 53.00, time 2s, Thu Nov 28 17:34:51 2019.
  loaded infer model parameters from tmp/nmt_attention_model_VI_s10000_l2_u32/best_bleu/translate.ckpt-8000, time 0.05s
# External evaluation, global step 8000
  decoding to output tmp/nmt_attention_model_VI_s10000_l2_u32/output_dev
  done, num sentences 1553, num translations per input 1, time 10s, Thu Nov 28 17:35:02 2019.
  bleu dev: 4.7
  saving hparams to tmp/nmt_attention_model_VI_s10000_l2_u32/hparams
# External evaluation, global step 8000
  decoding to output tmp/nmt_attention_model_VI_s10000_l2_u32/output_test
  done, num sentences 1268, num translations per input 1, time 9s, Thu Nov 28 17:35:12 2019.
  bleu test: 4.4
  saving hparams to tmp/nmt_attention_model_VI_s10000_l2_u32/hparams
# Best bleu, step 8000 lr 1 step-time 0.17s wps 16.58K ppl 65.64 gN 5.15 dev ppl 48.77, dev bleu 4.7, test ppl 53.00, test bleu 4.4, Thu Nov 28 17:35:12 2019
