WARNING:tensorflow:From nmt/utils/iterator_utils.py:235: group_by_window (from tensorflow.contrib.data.python.ops.grouping) is deprecated and will be removed in a future version.
Instructions for updating:
Use `tf.data.experimental.group_by_window(...)`.
WARNING:tensorflow:From nmt/model_helper.py:402: __init__ (from tensorflow.python.ops.rnn_cell_impl) is deprecated and will be removed in a future version.
Instructions for updating:
This class is deprecated, please use tf.nn.rnn_cell.LSTMCell, which supports all the feature this cell currently has. Please replace the existing code with tf.nn.rnn_cell.LSTMCell(name='basic_lstm_cell').
2019-11-29 07:39:36.798569: I tensorflow/core/kernels/lookup_util.cc:376] Table trying to initialize from file /home/bcc/thcf16/tmp/iwslt15/vocab.en is already initialized.
2019-11-29 07:39:36.798569: I tensorflow/core/kernels/lookup_util.cc:376] Table trying to initialize from file /home/bcc/thcf16/tmp/iwslt15/vocab.de is already initialized.
2019-11-29 07:39:36.798569: I tensorflow/core/kernels/lookup_util.cc:376] Table trying to initialize from file /home/bcc/thcf16/tmp/iwslt15/vocab.en is already initialized.
2019-11-29 07:46:15.586373: I tensorflow/core/kernels/lookup_util.cc:376] Table trying to initialize from file /home/bcc/thcf16/tmp/iwslt15/vocab.en is already initialized.
2019-11-29 07:46:15.586374: I tensorflow/core/kernels/lookup_util.cc:376] Table trying to initialize from file /home/bcc/thcf16/tmp/iwslt15/vocab.en is already initialized.
2019-11-29 07:46:15.586404: I tensorflow/core/kernels/lookup_util.cc:376] Table trying to initialize from file /home/bcc/thcf16/tmp/iwslt15/vocab.de is already initialized.
2019-11-29 07:46:15.691289: I tensorflow/core/kernels/lookup_util.cc:376] Table trying to initialize from file /home/bcc/thcf16/tmp/iwslt15/vocab.en is already initialized.
2019-11-29 07:46:15.691289: I tensorflow/core/kernels/lookup_util.cc:376] Table trying to initialize from file /home/bcc/thcf16/tmp/iwslt15/vocab.en is already initialized.
2019-11-29 07:46:15.691392: I tensorflow/core/kernels/lookup_util.cc:376] Table trying to initialize from file /home/bcc/thcf16/tmp/iwslt15/vocab.de is already initialized.
2019-11-29 07:46:24.027842: W tensorflow/core/framework/op_kernel.cc:1273] OP_REQUIRES failed at matmul_op.cc:478 : Resource exhausted: OOM when allocating tensor with shape[8064,50000] and type float on /job:localhost/replica:0/task:0/device:CPU:0 by allocator cpu
Traceback (most recent call last):
  File "/usr/lib/python2.7/runpy.py", line 174, in _run_module_as_main
    "__main__", fname, loader, pkg_name)
  File "/usr/lib/python2.7/runpy.py", line 72, in _run_code
    exec code in run_globals
  File "/nobackup/bcc/thcf16/nmt/nmt/nmt.py", line 707, in <module>
    tf.app.run(main=main, argv=[sys.argv[0]] + unparsed)
  File "/nobackup/bcc/thcf16/nmt/venv/local/lib/python2.7/site-packages/tensorflow/python/platform/app.py", line 125, in run
    _sys.exit(main(argv))
  File "/nobackup/bcc/thcf16/nmt/nmt/nmt.py", line 700, in main
    run_main(FLAGS, default_hparams, train_fn, inference_fn)
  File "/nobackup/bcc/thcf16/nmt/nmt/nmt.py", line 693, in run_main
    train_fn(hparams, target_session=target_session)
  File "nmt/train.py", line 577, in train
    eval_model, eval_sess, model_dir, hparams, summary_writer)
  File "nmt/train.py", line 102, in run_internal_eval
    summary_writer, "dev")
  File "nmt/train.py", line 665, in _internal_eval
    ppl = model_helper.compute_perplexity(model, sess, label)
  File "nmt/model_helper.py", line 654, in compute_perplexity
    output_tuple = model.eval(sess)
  File "nmt/model.py", line 346, in eval
    return sess.run(output_tuple)
  File "/nobackup/bcc/thcf16/nmt/venv/local/lib/python2.7/site-packages/tensorflow/python/client/session.py", line 929, in run
    run_metadata_ptr)
  File "/nobackup/bcc/thcf16/nmt/venv/local/lib/python2.7/site-packages/tensorflow/python/client/session.py", line 1152, in _run
    feed_dict_tensor, options, run_metadata)
  File "/nobackup/bcc/thcf16/nmt/venv/local/lib/python2.7/site-packages/tensorflow/python/client/session.py", line 1328, in _do_run
    run_metadata)
  File "/nobackup/bcc/thcf16/nmt/venv/local/lib/python2.7/site-packages/tensorflow/python/client/session.py", line 1348, in _do_call
    raise type(e)(node_def, op, message)
tensorflow.python.framework.errors_impl.ResourceExhaustedError: OOM when allocating tensor with shape[8064,50000] and type float on /job:localhost/replica:0/task:0/device:CPU:0 by allocator cpu
	 [[node dynamic_seq2seq/decoder/output_projection/Tensordot/MatMul (defined at nmt/model.py:526)  = MatMul[T=DT_FLOAT, transpose_a=false, transpose_b=false, _device="/job:localhost/replica:0/task:0/device:CPU:0"](dynamic_seq2seq/decoder/output_projection/Tensordot/Reshape, dynamic_seq2seq/decoder/output_projection/kernel/read)]]
Hint: If you want to see a list of allocated tensors when OOM happens, add report_tensor_allocations_upon_oom to RunOptions for current allocation info.


Caused by op u'dynamic_seq2seq/decoder/output_projection/Tensordot/MatMul', defined at:
  File "/usr/lib/python2.7/runpy.py", line 174, in _run_module_as_main
    "__main__", fname, loader, pkg_name)
  File "/usr/lib/python2.7/runpy.py", line 72, in _run_code
    exec code in run_globals
  File "/nobackup/bcc/thcf16/nmt/nmt/nmt.py", line 707, in <module>
    tf.app.run(main=main, argv=[sys.argv[0]] + unparsed)
  File "/nobackup/bcc/thcf16/nmt/venv/local/lib/python2.7/site-packages/tensorflow/python/platform/app.py", line 125, in run
    _sys.exit(main(argv))
  File "/nobackup/bcc/thcf16/nmt/nmt/nmt.py", line 700, in main
    run_main(FLAGS, default_hparams, train_fn, inference_fn)
  File "/nobackup/bcc/thcf16/nmt/nmt/nmt.py", line 693, in run_main
    train_fn(hparams, target_session=target_session)
  File "nmt/train.py", line 466, in train
    eval_model = model_helper.create_eval_model(model_creator, hparams, scope)
  File "nmt/model_helper.py", line 180, in create_eval_model
    extra_args=extra_args)
  File "nmt/attention_model.py", line 64, in __init__
    extra_args=extra_args)
  File "nmt/model.py", line 95, in __init__
    res = self.build_graph(hparams, scope=scope)
  File "nmt/model.py", line 393, in build_graph
    self._build_decoder(self.encoder_outputs, encoder_state, hparams))
  File "nmt/model.py", line 526, in _build_decoder
    logits = self.output_layer(outputs.rnn_output)
  File "/nobackup/bcc/thcf16/nmt/venv/local/lib/python2.7/site-packages/tensorflow/python/layers/base.py", line 374, in __call__
    outputs = super(Layer, self).__call__(inputs, *args, **kwargs)
  File "/nobackup/bcc/thcf16/nmt/venv/local/lib/python2.7/site-packages/tensorflow/python/keras/engine/base_layer.py", line 757, in __call__
    outputs = self.call(inputs, *args, **kwargs)
  File "/nobackup/bcc/thcf16/nmt/venv/local/lib/python2.7/site-packages/tensorflow/python/keras/layers/core.py", line 963, in call
    outputs = standard_ops.tensordot(inputs, self.kernel, [[rank - 1], [0]])
  File "/nobackup/bcc/thcf16/nmt/venv/local/lib/python2.7/site-packages/tensorflow/python/ops/math_ops.py", line 2985, in tensordot
    ab_matmul = matmul(a_reshape, b_reshape)
  File "/nobackup/bcc/thcf16/nmt/venv/local/lib/python2.7/site-packages/tensorflow/python/ops/math_ops.py", line 2057, in matmul
    a, b, transpose_a=transpose_a, transpose_b=transpose_b, name=name)
  File "/nobackup/bcc/thcf16/nmt/venv/local/lib/python2.7/site-packages/tensorflow/python/ops/gen_math_ops.py", line 4560, in mat_mul
    name=name)
  File "/nobackup/bcc/thcf16/nmt/venv/local/lib/python2.7/site-packages/tensorflow/python/framework/op_def_library.py", line 787, in _apply_op_helper
    op_def=op_def)
  File "/nobackup/bcc/thcf16/nmt/venv/local/lib/python2.7/site-packages/tensorflow/python/util/deprecation.py", line 488, in new_func
    return func(*args, **kwargs)
  File "/nobackup/bcc/thcf16/nmt/venv/local/lib/python2.7/site-packages/tensorflow/python/framework/ops.py", line 3274, in create_op
    op_def=op_def)
  File "/nobackup/bcc/thcf16/nmt/venv/local/lib/python2.7/site-packages/tensorflow/python/framework/ops.py", line 1770, in __init__
    self._traceback = tf_stack.extract_stack()

ResourceExhaustedError (see above for traceback): OOM when allocating tensor with shape[8064,50000] and type float on /job:localhost/replica:0/task:0/device:CPU:0 by allocator cpu
	 [[node dynamic_seq2seq/decoder/output_projection/Tensordot/MatMul (defined at nmt/model.py:526)  = MatMul[T=DT_FLOAT, transpose_a=false, transpose_b=false, _device="/job:localhost/replica:0/task:0/device:CPU:0"](dynamic_seq2seq/decoder/output_projection/Tensordot/Reshape, dynamic_seq2seq/decoder/output_projection/kernel/read)]]
Hint: If you want to see a list of allocated tensors when OOM happens, add report_tensor_allocations_upon_oom to RunOptions for current allocation info.


step-time 0.40s wps 7.66K ppl 2849.60 gN 17.22 bleu 0.00, Fri Nov 29 07:41:02 2019
  step 300 lr 1 step-time 0.39s wps 7.75K ppl 1728.99 gN 11.30 bleu 0.00, Fri Nov 29 07:41:41 2019
  step 400 lr 1 step-time 0.39s wps 7.88K ppl 1337.14 gN 8.72 bleu 0.00, Fri Nov 29 07:42:20 2019
  step 500 lr 1 step-time 0.39s wps 7.76K ppl 1158.05 gN 8.08 bleu 0.00, Fri Nov 29 07:42:59 2019
  step 600 lr 1 step-time 0.39s wps 7.76K ppl 978.85 gN 6.63 bleu 0.00, Fri Nov 29 07:43:38 2019
  step 700 lr 1 step-time 0.40s wps 7.79K ppl 933.67 gN 6.45 bleu 0.00, Fri Nov 29 07:44:18 2019
  step 800 lr 1 step-time 0.39s wps 7.79K ppl 853.96 gN 6.12 bleu 0.00, Fri Nov 29 07:44:57 2019
  step 900 lr 1 step-time 0.39s wps 7.77K ppl 799.90 gN 6.47 bleu 0.00, Fri Nov 29 07:45:36 2019
  step 1000 lr 1 step-time 0.39s wps 7.78K ppl 770.11 gN 6.34 bleu 0.00, Fri Nov 29 07:46:15 2019
# Save eval, global step 1000
  loaded infer model parameters from tmp/nmt_attention_model_DE_s20000_l2_u32/translate.ckpt-1000, time 0.08s
  # 2208
    src: Gefahren infolge der &quot; Unsicherheit , die die Gestaltung eines öffentlichen Raums heutzutage mit sich bringt &quot; nach den Erfahrungen aus den 1980er Jahren , die im Bereich des Forums ihren &quot; Schwanengesang &quot; hatten .
    ref: Hazards arising from the &quot; uncertainty of projecting the public space &quot; after the experience of the 80 &quot; s which had in the Forum area &quot; his swan song . &quot;
    nmt: This hotel are the hotel of the hotel of the hotel of the <unk> .
  loaded eval model parameters from tmp/nmt_attention_model_DE_s20000_l2_u32/translate.ckpt-1000, time 0.07s
