WARNING:tensorflow:From nmt/utils/iterator_utils.py:235: group_by_window (from tensorflow.contrib.data.python.ops.grouping) is deprecated and will be removed in a future version.
Instructions for updating:
Use `tf.data.experimental.group_by_window(...)`.
WARNING:tensorflow:From nmt/model_helper.py:402: __init__ (from tensorflow.python.ops.rnn_cell_impl) is deprecated and will be removed in a future version.
Instructions for updating:
This class is deprecated, please use tf.nn.rnn_cell.LSTMCell, which supports all the feature this cell currently has. Please replace the existing code with tf.nn.rnn_cell.LSTMCell(name='basic_lstm_cell').
2019-11-29 07:23:57.535574: I tensorflow/core/kernels/lookup_util.cc:376] Table trying to initialize from file /home/bcc/thcf16/tmp/iwslt15/vocab.en is already initialized.
2019-11-29 07:23:57.535631: I tensorflow/core/kernels/lookup_util.cc:376] Table trying to initialize from file /home/bcc/thcf16/tmp/iwslt15/vocab.de is already initialized.
2019-11-29 07:23:57.535574: I tensorflow/core/kernels/lookup_util.cc:376] Table trying to initialize from file /home/bcc/thcf16/tmp/iwslt15/vocab.en is already initialized.
2019-11-29 07:34:03.690477: I tensorflow/core/kernels/lookup_util.cc:376] Table trying to initialize from file /home/bcc/thcf16/tmp/iwslt15/vocab.en is already initialized.
2019-11-29 07:34:03.690478: I tensorflow/core/kernels/lookup_util.cc:376] Table trying to initialize from file /home/bcc/thcf16/tmp/iwslt15/vocab.en is already initialized.
2019-11-29 07:34:03.690501: I tensorflow/core/kernels/lookup_util.cc:376] Table trying to initialize from file /home/bcc/thcf16/tmp/iwslt15/vocab.de is already initialized.
2019-11-29 07:34:03.900673: I tensorflow/core/kernels/lookup_util.cc:376] Table trying to initialize from file /home/bcc/thcf16/tmp/iwslt15/vocab.en is already initialized.
2019-11-29 07:34:03.900677: I tensorflow/core/kernels/lookup_util.cc:376] Table trying to initialize from file /home/bcc/thcf16/tmp/iwslt15/vocab.en is already initialized.
2019-11-29 07:34:03.900711: I tensorflow/core/kernels/lookup_util.cc:376] Table trying to initialize from file /home/bcc/thcf16/tmp/iwslt15/vocab.de is already initialized.
2019-11-29 07:34:07.442765: W tensorflow/core/framework/op_kernel.cc:1273] OP_REQUIRES failed at matmul_op.cc:478 : Resource exhausted: OOM when allocating tensor with shape[5952,50000] and type float on /job:localhost/replica:0/task:0/device:CPU:0 by allocator cpu
Traceback (most recent call last):
  File "/usr/lib/python2.7/runpy.py", line 174, in _run_module_as_main
    "__main__", fname, loader, pkg_name)
  File "/usr/lib/python2.7/runpy.py", line 72, in _run_code
    exec code in run_globals
  File "/nobackup/bcc/thcf16/nmt/nmt/nmt.py", line 707, in <module>
    tf.app.run(main=main, argv=[sys.argv[0]] + unparsed)
  File "/nobackup/bcc/thcf16/nmt/venv/local/lib/python2.7/site-packages/tensorflow/python/platform/app.py", line 125, in run
    _sys.exit(main(argv))
  File "/nobackup/bcc/thcf16/nmt/nmt/nmt.py", line 700, in main
    run_main(FLAGS, default_hparams, train_fn, inference_fn)
  File "/nobackup/bcc/thcf16/nmt/nmt/nmt.py", line 693, in run_main
    train_fn(hparams, target_session=target_session)
  File "nmt/train.py", line 577, in train
    eval_model, eval_sess, model_dir, hparams, summary_writer)
  File "nmt/train.py", line 102, in run_internal_eval
    summary_writer, "dev")
  File "nmt/train.py", line 665, in _internal_eval
    ppl = model_helper.compute_perplexity(model, sess, label)
  File "nmt/model_helper.py", line 654, in compute_perplexity
    output_tuple = model.eval(sess)
  File "nmt/model.py", line 346, in eval
    return sess.run(output_tuple)
  File "/nobackup/bcc/thcf16/nmt/venv/local/lib/python2.7/site-packages/tensorflow/python/client/session.py", line 929, in run
    run_metadata_ptr)
  File "/nobackup/bcc/thcf16/nmt/venv/local/lib/python2.7/site-packages/tensorflow/python/client/session.py", line 1152, in _run
    feed_dict_tensor, options, run_metadata)
  File "/nobackup/bcc/thcf16/nmt/venv/local/lib/python2.7/site-packages/tensorflow/python/client/session.py", line 1328, in _do_run
    run_metadata)
  File "/nobackup/bcc/thcf16/nmt/venv/local/lib/python2.7/site-packages/tensorflow/python/client/session.py", line 1348, in _do_call
    raise type(e)(node_def, op, message)
tensorflow.python.framework.errors_impl.ResourceExhaustedError: OOM when allocating tensor with shape[5952,50000] and type float on /job:localhost/replica:0/task:0/device:CPU:0 by allocator cpu
	 [[node dynamic_seq2seq/decoder/output_projection/Tensordot/MatMul (defined at nmt/model.py:526)  = MatMul[T=DT_FLOAT, transpose_a=false, transpose_b=false, _device="/job:localhost/replica:0/task:0/device:CPU:0"](dynamic_seq2seq/decoder/output_projection/Tensordot/Reshape, dynamic_seq2seq/decoder/output_projection/kernel/read)]]
Hint: If you want to see a list of allocated tensors when OOM happens, add report_tensor_allocations_upon_oom to RunOptions for current allocation info.


Caused by op u'dynamic_seq2seq/decoder/output_projection/Tensordot/MatMul', defined at:
  File "/usr/lib/python2.7/runpy.py", line 174, in _run_module_as_main
    "__main__", fname, loader, pkg_name)
  File "/usr/lib/python2.7/runpy.py", line 72, in _run_code
    exec code in run_globals
  File "/nobackup/bcc/thcf16/nmt/nmt/nmt.py", line 707, in <module>
    tf.app.run(main=main, argv=[sys.argv[0]] + unparsed)
  File "/nobackup/bcc/thcf16/nmt/venv/local/lib/python2.7/site-packages/tensorflow/python/platform/app.py", line 125, in run
    _sys.exit(main(argv))
  File "/nobackup/bcc/thcf16/nmt/nmt/nmt.py", line 700, in main
    run_main(FLAGS, default_hparams, train_fn, inference_fn)
  File "/nobackup/bcc/thcf16/nmt/nmt/nmt.py", line 693, in run_main
    train_fn(hparams, target_session=target_session)
  File "nmt/train.py", line 466, in train
    eval_model = model_helper.create_eval_model(model_creator, hparams, scope)
  File "nmt/model_helper.py", line 180, in create_eval_model
    extra_args=extra_args)
  File "nmt/attention_model.py", line 64, in __init__
    extra_args=extra_args)
  File "nmt/model.py", line 95, in __init__
    res = self.build_graph(hparams, scope=scope)
  File "nmt/model.py", line 393, in build_graph
    self._build_decoder(self.encoder_outputs, encoder_state, hparams))
  File "nmt/model.py", line 526, in _build_decoder
    logits = self.output_layer(outputs.rnn_output)
  File "/nobackup/bcc/thcf16/nmt/venv/local/lib/python2.7/site-packages/tensorflow/python/layers/base.py", line 374, in __call__
    outputs = super(Layer, self).__call__(inputs, *args, **kwargs)
  File "/nobackup/bcc/thcf16/nmt/venv/local/lib/python2.7/site-packages/tensorflow/python/keras/engine/base_layer.py", line 757, in __call__
    outputs = self.call(inputs, *args, **kwargs)
  File "/nobackup/bcc/thcf16/nmt/venv/local/lib/python2.7/site-packages/tensorflow/python/keras/layers/core.py", line 963, in call
    outputs = standard_ops.tensordot(inputs, self.kernel, [[rank - 1], [0]])
  File "/nobackup/bcc/thcf16/nmt/venv/local/lib/python2.7/site-packages/tensorflow/python/ops/math_ops.py", line 2985, in tensordot
    ab_matmul = matmul(a_reshape, b_reshape)
  File "/nobackup/bcc/thcf16/nmt/venv/local/lib/python2.7/site-packages/tensorflow/python/ops/math_ops.py", line 2057, in matmul
    a, b, transpose_a=transpose_a, transpose_b=transpose_b, name=name)
  File "/nobackup/bcc/thcf16/nmt/venv/local/lib/python2.7/site-packages/tensorflow/python/ops/gen_math_ops.py", line 4560, in mat_mul
    name=name)
  File "/nobackup/bcc/thcf16/nmt/venv/local/lib/python2.7/site-packages/tensorflow/python/framework/op_def_library.py", line 787, in _apply_op_helper
    op_def=op_def)
  File "/nobackup/bcc/thcf16/nmt/venv/local/lib/python2.7/site-packages/tensorflow/python/util/deprecation.py", line 488, in new_func
    return func(*args, **kwargs)
  File "/nobackup/bcc/thcf16/nmt/venv/local/lib/python2.7/site-packages/tensorflow/python/framework/ops.py", line 3274, in create_op
    op_def=op_def)
  File "/nobackup/bcc/thcf16/nmt/venv/local/lib/python2.7/site-packages/tensorflow/python/framework/ops.py", line 1770, in __init__
    self._traceback = tf_stack.extract_stack()

ResourceExhaustedError (see above for traceback): OOM when allocating tensor with shape[5952,50000] and type float on /job:localhost/replica:0/task:0/device:CPU:0 by allocator cpu
	 [[node dynamic_seq2seq/decoder/output_projection/Tensordot/MatMul (defined at nmt/model.py:526)  = MatMul[T=DT_FLOAT, transpose_a=false, transpose_b=false, _device="/job:localhost/replica:0/task:0/device:CPU:0"](dynamic_seq2seq/decoder/output_projection/Tensordot/Reshape, dynamic_seq2seq/decoder/output_projection/kernel/read)]]
Hint: If you want to see a list of allocated tensors when OOM happens, add report_tensor_allocations_upon_oom to RunOptions for current allocation info.


:0
  decoder: infer_mode=greedybeam_width=0, length_penalty=0.000000, coverage_penalty=0.000000
# Trainable variables
Format: <name>, <shape>, <(soft) device placement>
  embeddings/encoder/embedding_encoder:0, (50000, 64), /device:GPU:0
  embeddings/decoder/embedding_decoder:0, (50000, 64), /device:GPU:0
  dynamic_seq2seq/encoder/rnn/multi_rnn_cell/cell_0/basic_lstm_cell/kernel:0, (128, 256), /device:GPU:0
  dynamic_seq2seq/encoder/rnn/multi_rnn_cell/cell_0/basic_lstm_cell/bias:0, (256,), /device:GPU:0
  dynamic_seq2seq/encoder/rnn/multi_rnn_cell/cell_1/basic_lstm_cell/kernel:0, (128, 256), /device:GPU:0
  dynamic_seq2seq/encoder/rnn/multi_rnn_cell/cell_1/basic_lstm_cell/bias:0, (256,), /device:GPU:0
  dynamic_seq2seq/encoder/rnn/multi_rnn_cell/cell_2/basic_lstm_cell/kernel:0, (128, 256), /device:GPU:0
  dynamic_seq2seq/encoder/rnn/multi_rnn_cell/cell_2/basic_lstm_cell/bias:0, (256,), /device:GPU:0
  dynamic_seq2seq/encoder/rnn/multi_rnn_cell/cell_3/basic_lstm_cell/kernel:0, (128, 256), /device:GPU:0
  dynamic_seq2seq/encoder/rnn/multi_rnn_cell/cell_3/basic_lstm_cell/bias:0, (256,), /device:GPU:0
  dynamic_seq2seq/decoder/memory_layer/kernel:0, (64, 64), 
  dynamic_seq2seq/decoder/attention/multi_rnn_cell/cell_0/basic_lstm_cell/kernel:0, (192, 256), /device:GPU:0
  dynamic_seq2seq/decoder/attention/multi_rnn_cell/cell_0/basic_lstm_cell/bias:0, (256,), /device:GPU:0
  dynamic_seq2seq/decoder/attention/multi_rnn_cell/cell_1/basic_lstm_cell/kernel:0, (128, 256), /device:GPU:0
  dynamic_seq2seq/decoder/attention/multi_rnn_cell/cell_1/basic_lstm_cell/bias:0, (256,), /device:GPU:0
  dynamic_seq2seq/decoder/attention/multi_rnn_cell/cell_2/basic_lstm_cell/kernel:0, (128, 256), /device:GPU:0
  dynamic_seq2seq/decoder/attention/multi_rnn_cell/cell_2/basic_lstm_cell/bias:0, (256,), /device:GPU:0
  dynamic_seq2seq/decoder/attention/multi_rnn_cell/cell_3/basic_lstm_cell/kernel:0, (128, 256), /device:GPU:0
  dynamic_seq2seq/decoder/attention/multi_rnn_cell/cell_3/basic_lstm_cell/bias:0, (256,), /device:GPU:0
  dynamic_seq2seq/decoder/attention/luong_attention/attention_g:0, (), /device:GPU:0
  dynamic_seq2seq/decoder/attention/attention_layer/kernel:0, (128, 64), /device:GPU:0
  dynamic_seq2seq/decoder/output_projection/kernel:0, (64, 50000), 
# log_file=tmp/nmt_attention_model_DE_s10000_l4_u64/log_1575023004
  created train model with fresh parameters, time 0.27s
  created infer model with fresh parameters, time 0.14s
  # 2570
    src: Der französische Auβenhandelsminister Alain Juppé hatte sich ebenfalls zugunsten der Entsendung von UNO ##AT##-##AT## Beobachtern ausgesprochen , um Zivilisten vor Repressionen des Regimes , dass sich ihm nach in seine &quot; Paranoia &quot; einkapselt , schützend zur Seite zu stehen .
    ref: The French foreign minister Alain Juppé also declared himself in favour to the dispatch of UNO observers to help to protect civilians from repression by the regime , which according to him , is &quot; paranoid . &quot;
    nmt: EDP EDP EDP Nightwish Nightwish addicts addicts trolleys trolleys trolleys tutti tutti tutti tutti tutti pour pour obtendrá obtendrá Rothschild Rothschild Rothschild Rothschild MADAKO MADAKO Radiocube Radiocube pp. pp. pp. pp. pp. pp. pp. pp. pp. pp. commerce commerce commerce commerce commerce commerce commerce commerce 1952 Recht Recht Recht Yangtze Panna Panna Panna Panna Panna Panna ThinkCentre ThinkCentre ThinkCentre Kelvin Kelvin ´ ´ ´ ´ mobilizing mobilizing mobilizing mobilizing mobilizing unspeakable unspeakable unspeakable unspeakable unspeakable tanto shuttle shuttle shuttle shuttle intrusion intrusion
  created eval model with fresh parameters, time 0.14s
  eval dev: perplexity 49999.58, time 16s, Fri Nov 29 07:23:43 2019.
  eval test: perplexity 49999.58, time 14s, Fri Nov 29 07:23:57 2019.
  created infer model with fresh parameters, time 0.12s
# Start step 0, lr 1, Fri Nov 29 07:23:57 2019
# Init train iterator, skipping 0 elements
  step 100 lr 1 step-time 0.62s wps 4.94K ppl 49707.37 gN 69.01 bleu 0.00, Fri Nov 29 07:24:59 2019
  step 200 lr 1 step-time 0.58s wps 5.37K ppl 5683.31 gN 25.69 bleu 0.00, Fri Nov 29 07:25:57 2019
  step 300 lr 1 step-time 0.60s wps 5.01K ppl 3118.92 gN 18.74 bleu 0.00, Fri Nov 29 07:26:57 2019
  step 400 lr 1 step-time 0.60s wps 5.06K ppl 2003.54 gN 11.81 bleu 0.00, Fri Nov 29 07:27:57 2019
  step 500 lr 1 step-time 0.61s wps 5.02K ppl 1620.56 gN 8.21 bleu 0.00, Fri Nov 29 07:28:58 2019
  step 600 lr 1 step-time 0.61s wps 5.02K ppl 1430.99 gN 7.07 bleu 0.00, Fri Nov 29 07:29:59 2019
  step 700 lr 1 step-time 0.62s wps 5.00K ppl 1389.09 gN 7.03 bleu 0.00, Fri Nov 29 07:31:01 2019
  step 800 lr 1 step-time 0.61s wps 5.01K ppl 1213.80 gN 4.95 bleu 0.00, Fri Nov 29 07:32:02 2019
  step 900 lr 1 step-time 0.61s wps 5.01K ppl 1218.26 gN 5.43 bleu 0.00, Fri Nov 29 07:33:02 2019
  step 1000 lr 1 step-time 0.60s wps 5.01K ppl 1078.09 gN 5.25 bleu 0.00, Fri Nov 29 07:34:03 2019
# Save eval, global step 1000
  loaded infer model parameters from tmp/nmt_attention_model_DE_s10000_l4_u64/translate.ckpt-1000, time 0.10s
  # 1715
    src: Calderon , eine Kandidatin der konservativen Partido Acción Nacional PAN ihres Bruders , weigerte sich , Vallejo als Sieger anzuerkennen .
    ref: Calderon , a candidate for her brother &apos;s conservative National Action Party , or PAN , refused to recognize Vallejo as the winner .
    nmt: The guest <unk> the <unk> the <unk> the the the the the the the the the the the the the the the the the the the the the the the the the the the the the the the the the the the
  loaded eval model parameters from tmp/nmt_attention_model_DE_s10000_l4_u64/translate.ckpt-1000, time 0.10s
